# JRE version: Java(TM) SE Runtime Environment (8.0_25-b18) (build 1.8.0_25-b18)
# Java VM: Java HotSpot(TM) 64-Bit Server VM (25.25-b02 mixed mode windows-amd64 compressed oops)
Heap:
 garbage-first heap   total 2752512K, used 1823790K [0x00000006c0000000, 0x0000000768000000, 0x00000007c0000000)
  region size 16384K, 80 young (1310720K), 1 survivors (16384K)
 Metaspace       used 53584K, capacity 54141K, committed 54616K, reserved 1097728K
  class space    used 6489K, capacity 6665K, committed 6784K, reserved 1048576K
Heap Regions: (Y=young(eden), SU=young(survivor), HS=humongous(starts), HC=humongous(continues), CS=collection set, F=free, TS=gc time stamp, PTAMS=previous top-at-mark-start, NTAMS=next top-at-mark-start)
            TS     0 PTAMS 0x00000006c0ffffe8 NTAMS 0x00000006c0ffffe8 space 16384K,  99% used [0x00000006c0000000, 0x00000006c0ffffe8, 0x00000006c1000000)
            TS     0 PTAMS 0x00000006c1fffff0 NTAMS 0x00000006c1fffff0 space 16384K,  99% used [0x00000006c1000000, 0x00000006c1fffff0, 0x00000006c2000000)
            TS     0 PTAMS 0x00000006c2ffebc0 NTAMS 0x00000006c2ffebc0 space 16384K,  99% used [0x00000006c2000000, 0x00000006c2ffebc0, 0x00000006c3000000)
            TS     0 PTAMS 0x00000006c3ffffb8 NTAMS 0x00000006c3ffffb8 space 16384K,  99% used [0x00000006c3000000, 0x00000006c3ffffb8, 0x00000006c4000000)
            TS     0 PTAMS 0x00000006c4fffff0 NTAMS 0x00000006c4fffff0 space 16384K,  99% used [0x00000006c4000000, 0x00000006c4fffff0, 0x00000006c5000000)
            TS     0 PTAMS 0x00000006c5fdc970 NTAMS 0x00000006c5fdc970 space 16384K,  99% used [0x00000006c5000000, 0x00000006c5fdc970, 0x00000006c6000000)
 HS         TS     0 PTAMS 0x00000006c6a00010 NTAMS 0x00000006c6a00010 space 16384K,  62% used [0x00000006c6000000, 0x00000006c6a00010, 0x00000006c7000000)
            TS     0 PTAMS 0x00000006c7ffc5f0 NTAMS 0x00000006c7ffc5f0 space 16384K,  99% used [0x00000006c7000000, 0x00000006c7ffc5f0, 0x00000006c8000000)
            TS     0 PTAMS 0x00000006c8fffff8 NTAMS 0x00000006c8fffff8 space 16384K,  99% used [0x00000006c8000000, 0x00000006c8fffff8, 0x00000006c9000000)
            TS     0 PTAMS 0x00000006c9ff6ac0 NTAMS 0x00000006c9ff6ac0 space 16384K,  99% used [0x00000006c9000000, 0x00000006c9ff6ac0, 0x00000006ca000000)
            TS     0 PTAMS 0x00000006cb000000 NTAMS 0x00000006cb000000 space 16384K, 100% used [0x00000006ca000000, 0x00000006cb000000, 0x00000006cb000000)
            TS     0 PTAMS 0x00000006cc000000 NTAMS 0x00000006cc000000 space 16384K, 100% used [0x00000006cb000000, 0x00000006cc000000, 0x00000006cc000000)
            TS     0 PTAMS 0x00000006ccfffff0 NTAMS 0x00000006ccfffff0 space 16384K,  99% used [0x00000006cc000000, 0x00000006ccfffff0, 0x00000006cd000000)
            TS     0 PTAMS 0x00000006cdffffe8 NTAMS 0x00000006cdffffe8 space 16384K,  99% used [0x00000006cd000000, 0x00000006cdffffe8, 0x00000006ce000000)
            TS     0 PTAMS 0x00000006ce516d78 NTAMS 0x00000006ce516d78 space 16384K,  31% used [0x00000006ce000000, 0x00000006ce516d78, 0x00000006cf000000)
            TS    31 PTAMS 0x00000006cf000000 NTAMS 0x00000006cf000000 space 16384K, 100% used [0x00000006cf000000, 0x00000006d0000000, 0x00000006d0000000)
            TS    33 PTAMS 0x00000006d0000000 NTAMS 0x00000006d0000000 space 16384K, 100% used [0x00000006d0000000, 0x00000006d1000000, 0x00000006d1000000)
            TS    33 PTAMS 0x00000006d1000000 NTAMS 0x00000006d1000000 space 16384K, 100% used [0x00000006d1000000, 0x00000006d2000000, 0x00000006d2000000)
            TS    35 PTAMS 0x00000006d2000000 NTAMS 0x00000006d2000000 space 16384K, 100% used [0x00000006d2000000, 0x00000006d3000000, 0x00000006d3000000)
            TS    59 PTAMS 0x00000006d3000000 NTAMS 0x00000006d3000000 space 16384K,  62% used [0x00000006d3000000, 0x00000006d3a0f180, 0x00000006d4000000)
 HS         TS     0 PTAMS 0x00000006d4000000 NTAMS 0x00000006d4000000 space 32768K,  50% used [0x00000006d4000000, 0x00000006d5000010, 0x00000006d6000000)
 HC         TS     0 PTAMS 0x00000006d5000000 NTAMS 0x00000006d5000000 space 16384K,   0% used [0x00000006d5000000, 0x00000006d5000010, 0x00000006d6000000)
 HS         TS     0 PTAMS 0x00000006d6000000 NTAMS 0x00000006d6000000 space 32768K,  50% used [0x00000006d6000000, 0x00000006d7000010, 0x00000006d8000000)
 HC         TS     0 PTAMS 0x00000006d7000000 NTAMS 0x00000006d7000000 space 16384K,   0% used [0x00000006d7000000, 0x00000006d7000010, 0x00000006d8000000)
 HS         TS     0 PTAMS 0x00000006d8000000 NTAMS 0x00000006d8000000 space 32768K,  50% used [0x00000006d8000000, 0x00000006d9000010, 0x00000006da000000)
 HC         TS     0 PTAMS 0x00000006d9000000 NTAMS 0x00000006d9000000 space 16384K,   0% used [0x00000006d9000000, 0x00000006d9000010, 0x00000006da000000)
 HS         TS     0 PTAMS 0x00000006da000000 NTAMS 0x00000006da000000 space 32768K,  50% used [0x00000006da000000, 0x00000006db000010, 0x00000006dc000000)
 HC         TS     0 PTAMS 0x00000006db000000 NTAMS 0x00000006db000000 space 16384K,   0% used [0x00000006db000000, 0x00000006db000010, 0x00000006dc000000)
          F TS     0 PTAMS 0x00000006dc000000 NTAMS 0x00000006dc000000 space 16384K,   0% used [0x00000006dc000000, 0x00000006dc000000, 0x00000006dd000000)
          F TS     3 PTAMS 0x00000006dd000000 NTAMS 0x00000006dd000000 space 16384K,   0% used [0x00000006dd000000, 0x00000006dd000000, 0x00000006de000000)
          F TS     3 PTAMS 0x00000006de000000 NTAMS 0x00000006de000000 space 16384K,   0% used [0x00000006de000000, 0x00000006de000000, 0x00000006df000000)
 HS         TS     1 PTAMS 0x00000006df000000 NTAMS 0x00000006df000000 space 32768K,  50% used [0x00000006df000000, 0x00000006e0000010, 0x00000006e1000000)
 HC         TS     1 PTAMS 0x00000006e0000000 NTAMS 0x00000006e0000000 space 16384K,   0% used [0x00000006e0000000, 0x00000006e0000010, 0x00000006e1000000)
 HS         TS     1 PTAMS 0x00000006e1000000 NTAMS 0x00000006e1000000 space 32768K,  50% used [0x00000006e1000000, 0x00000006e2000010, 0x00000006e3000000)
 HC         TS     1 PTAMS 0x00000006e2000000 NTAMS 0x00000006e2000000 space 16384K,   0% used [0x00000006e2000000, 0x00000006e2000010, 0x00000006e3000000)
 HS         TS     1 PTAMS 0x00000006e3000000 NTAMS 0x00000006e3000000 space 32768K,  50% used [0x00000006e3000000, 0x00000006e4000010, 0x00000006e5000000)
 HC         TS     1 PTAMS 0x00000006e4000000 NTAMS 0x00000006e4000000 space 16384K,   0% used [0x00000006e4000000, 0x00000006e4000010, 0x00000006e5000000)
 HS         TS     1 PTAMS 0x00000006e5000000 NTAMS 0x00000006e5000000 space 32768K,  50% used [0x00000006e5000000, 0x00000006e6000010, 0x00000006e7000000)
 HC         TS     1 PTAMS 0x00000006e6000000 NTAMS 0x00000006e6000000 space 16384K,   0% used [0x00000006e6000000, 0x00000006e6000010, 0x00000006e7000000)
          F TS     5 PTAMS 0x00000006e7000000 NTAMS 0x00000006e7000000 space 16384K,   0% used [0x00000006e7000000, 0x00000006e7000000, 0x00000006e8000000)
          F TS     5 PTAMS 0x00000006e8000000 NTAMS 0x00000006e8000000 space 16384K,   0% used [0x00000006e8000000, 0x00000006e8000000, 0x00000006e9000000)
          F TS     5 PTAMS 0x00000006e9000000 NTAMS 0x00000006e9000000 space 16384K,   0% used [0x00000006e9000000, 0x00000006e9000000, 0x00000006ea000000)
          F TS     5 PTAMS 0x00000006ea000000 NTAMS 0x00000006ea000000 space 16384K,   0% used [0x00000006ea000000, 0x00000006ea000000, 0x00000006eb000000)
          F TS     5 PTAMS 0x00000006eb000000 NTAMS 0x00000006eb000000 space 16384K,   0% used [0x00000006eb000000, 0x00000006eb000000, 0x00000006ec000000)
 HS         TS     3 PTAMS 0x00000006ec000000 NTAMS 0x00000006ec000000 space 32768K,  50% used [0x00000006ec000000, 0x00000006ed000010, 0x00000006ee000000)
 HC         TS     3 PTAMS 0x00000006ed000000 NTAMS 0x00000006ed000000 space 16384K,   0% used [0x00000006ed000000, 0x00000006ed000010, 0x00000006ee000000)
 HS         TS     3 PTAMS 0x00000006ee000000 NTAMS 0x00000006ee000000 space 32768K,  50% used [0x00000006ee000000, 0x00000006ef000010, 0x00000006f0000000)
 HC         TS     3 PTAMS 0x00000006ef000000 NTAMS 0x00000006ef000000 space 16384K,   0% used [0x00000006ef000000, 0x00000006ef000010, 0x00000006f0000000)
 HS         TS     3 PTAMS 0x00000006f0000000 NTAMS 0x00000006f0000000 space 32768K,  50% used [0x00000006f0000000, 0x00000006f1000010, 0x00000006f2000000)
 HC         TS     3 PTAMS 0x00000006f1000000 NTAMS 0x00000006f1000000 space 16384K,   0% used [0x00000006f1000000, 0x00000006f1000010, 0x00000006f2000000)
 HS         TS     3 PTAMS 0x00000006f2000000 NTAMS 0x00000006f2000000 space 32768K,  50% used [0x00000006f2000000, 0x00000006f3000010, 0x00000006f4000000)
 HC         TS     3 PTAMS 0x00000006f3000000 NTAMS 0x00000006f3000000 space 16384K,   0% used [0x00000006f3000000, 0x00000006f3000010, 0x00000006f4000000)
 HS         TS     3 PTAMS 0x00000006f4000000 NTAMS 0x00000006f4000000 space 32768K,  50% used [0x00000006f4000000, 0x00000006f5000010, 0x00000006f6000000)
 HC         TS     3 PTAMS 0x00000006f5000000 NTAMS 0x00000006f5000000 space 16384K,   0% used [0x00000006f5000000, 0x00000006f5000010, 0x00000006f6000000)
 HS         TS     3 PTAMS 0x00000006f6000000 NTAMS 0x00000006f6000000 space 32768K,  50% used [0x00000006f6000000, 0x00000006f7000010, 0x00000006f8000000)
 HC         TS     3 PTAMS 0x00000006f7000000 NTAMS 0x00000006f7000000 space 16384K,   0% used [0x00000006f7000000, 0x00000006f7000010, 0x00000006f8000000)
          F TS     3 PTAMS 0x00000006f8000000 NTAMS 0x00000006f8000000 space 16384K,   0% used [0x00000006f8000000, 0x00000006f8000000, 0x00000006f9000000)
          F TS     3 PTAMS 0x00000006f9000000 NTAMS 0x00000006f9000000 space 16384K,   0% used [0x00000006f9000000, 0x00000006f9000000, 0x00000006fa000000)
          F TS     3 PTAMS 0x00000006fa000000 NTAMS 0x00000006fa000000 space 16384K,   0% used [0x00000006fa000000, 0x00000006fa000000, 0x00000006fb000000)
          F TS     7 PTAMS 0x00000006fb000000 NTAMS 0x00000006fb000000 space 16384K,   0% used [0x00000006fb000000, 0x00000006fb000000, 0x00000006fc000000)
          F TS     7 PTAMS 0x00000006fc000000 NTAMS 0x00000006fc000000 space 16384K,   0% used [0x00000006fc000000, 0x00000006fc000000, 0x00000006fd000000)
          F TS     7 PTAMS 0x00000006fd000000 NTAMS 0x00000006fd000000 space 16384K,   0% used [0x00000006fd000000, 0x00000006fd000000, 0x00000006fe000000)
          F TS     7 PTAMS 0x00000006fe000000 NTAMS 0x00000006fe000000 space 16384K,   0% used [0x00000006fe000000, 0x00000006fe000000, 0x00000006ff000000)
          F TS     7 PTAMS 0x00000006ff000000 NTAMS 0x00000006ff000000 space 16384K,   0% used [0x00000006ff000000, 0x00000006ff000000, 0x0000000700000000)
          F TS     7 PTAMS 0x0000000700000000 NTAMS 0x0000000700000000 space 16384K,   0% used [0x0000000700000000, 0x0000000700000000, 0x0000000701000000)
          F TS     5 PTAMS 0x0000000701000000 NTAMS 0x0000000701000000 space 16384K,   0% used [0x0000000701000000, 0x0000000701000000, 0x0000000702000000)
          F TS     5 PTAMS 0x0000000702000000 NTAMS 0x0000000702000000 space 16384K,   0% used [0x0000000702000000, 0x0000000702000000, 0x0000000703000000)
          F TS    13 PTAMS 0x0000000703000000 NTAMS 0x0000000703000000 space 16384K,   0% used [0x0000000703000000, 0x0000000703000000, 0x0000000704000000)
          F TS    13 PTAMS 0x0000000704000000 NTAMS 0x0000000704000000 space 16384K,   0% used [0x0000000704000000, 0x0000000704000000, 0x0000000705000000)
          F TS    13 PTAMS 0x0000000705000000 NTAMS 0x0000000705000000 space 16384K,   0% used [0x0000000705000000, 0x0000000705000000, 0x0000000706000000)
          F TS    13 PTAMS 0x0000000706000000 NTAMS 0x0000000706000000 space 16384K,   0% used [0x0000000706000000, 0x0000000706000000, 0x0000000707000000)
          F TS    17 PTAMS 0x0000000707000000 NTAMS 0x0000000707000000 space 16384K,   0% used [0x0000000707000000, 0x0000000707000000, 0x0000000708000000)
          F TS    21 PTAMS 0x0000000708000000 NTAMS 0x0000000708000000 space 16384K,   0% used [0x0000000708000000, 0x0000000708000000, 0x0000000709000000)
          F TS    21 PTAMS 0x0000000709000000 NTAMS 0x0000000709000000 space 16384K,   0% used [0x0000000709000000, 0x0000000709000000, 0x000000070a000000)
          F TS    21 PTAMS 0x000000070a000000 NTAMS 0x000000070a000000 space 16384K,   0% used [0x000000070a000000, 0x000000070a000000, 0x000000070b000000)
          F TS    27 PTAMS 0x000000070b000000 NTAMS 0x000000070b000000 space 16384K,   0% used [0x000000070b000000, 0x000000070b000000, 0x000000070c000000)
          F TS    33 PTAMS 0x000000070c000000 NTAMS 0x000000070c000000 space 16384K,   0% used [0x000000070c000000, 0x000000070c000000, 0x000000070d000000)
          F TS    31 PTAMS 0x000000070d000000 NTAMS 0x000000070d000000 space 16384K,   0% used [0x000000070d000000, 0x000000070d000000, 0x000000070e000000)
          F TS    33 PTAMS 0x000000070e000000 NTAMS 0x000000070e000000 space 16384K,   0% used [0x000000070e000000, 0x000000070e000000, 0x000000070f000000)
          F TS    33 PTAMS 0x000000070f000000 NTAMS 0x000000070f000000 space 16384K,   0% used [0x000000070f000000, 0x000000070f000000, 0x0000000710000000)
          F TS    33 PTAMS 0x0000000710000000 NTAMS 0x0000000710000000 space 16384K,   0% used [0x0000000710000000, 0x0000000710000000, 0x0000000711000000)
          F TS    37 PTAMS 0x0000000711000000 NTAMS 0x0000000711000000 space 16384K,   0% used [0x0000000711000000, 0x0000000711000000, 0x0000000712000000)
    CS SU   TS    59 PTAMS 0x0000000712000000 NTAMS 0x0000000712000000 space 16384K,  75% used [0x0000000712000000, 0x0000000712c17420, 0x0000000713000000)
          F TS    59 PTAMS 0x0000000713000000 NTAMS 0x0000000713000000 space 16384K,   0% used [0x0000000713000000, 0x0000000713000000, 0x0000000714000000)
          F TS    59 PTAMS 0x0000000714000000 NTAMS 0x0000000714000000 space 16384K,   0% used [0x0000000714000000, 0x0000000714000000, 0x0000000715000000)
          F TS    59 PTAMS 0x0000000715000000 NTAMS 0x0000000715000000 space 16384K,   0% used [0x0000000715000000, 0x0000000715000000, 0x0000000716000000)
          F TS    59 PTAMS 0x0000000716000000 NTAMS 0x0000000716000000 space 16384K,   0% used [0x0000000716000000, 0x0000000716000000, 0x0000000717000000)
          F TS    59 PTAMS 0x0000000717000000 NTAMS 0x0000000717000000 space 16384K,   0% used [0x0000000717000000, 0x0000000717000000, 0x0000000718000000)
          F TS    59 PTAMS 0x0000000718000000 NTAMS 0x0000000718000000 space 16384K,   0% used [0x0000000718000000, 0x0000000718000000, 0x0000000719000000)
       Y    TS    59 PTAMS 0x0000000719000000 NTAMS 0x0000000719000000 space 16384K, 100% used [0x0000000719000000, 0x000000071a000000, 0x000000071a000000)
    CS Y    TS    59 PTAMS 0x000000071a000000 NTAMS 0x000000071a000000 space 16384K, 100% used [0x000000071a000000, 0x000000071b000000, 0x000000071b000000)
    CS Y    TS    59 PTAMS 0x000000071b000000 NTAMS 0x000000071b000000 space 16384K, 100% used [0x000000071b000000, 0x000000071c000000, 0x000000071c000000)
    CS Y    TS    59 PTAMS 0x000000071c000000 NTAMS 0x000000071c000000 space 16384K, 100% used [0x000000071c000000, 0x000000071d000000, 0x000000071d000000)
    CS Y    TS    59 PTAMS 0x000000071d000000 NTAMS 0x000000071d000000 space 16384K, 100% used [0x000000071d000000, 0x000000071e000000, 0x000000071e000000)
    CS Y    TS    59 PTAMS 0x000000071e000000 NTAMS 0x000000071e000000 space 16384K, 100% used [0x000000071e000000, 0x000000071f000000, 0x000000071f000000)
    CS Y    TS    59 PTAMS 0x000000071f000000 NTAMS 0x000000071f000000 space 16384K, 100% used [0x000000071f000000, 0x0000000720000000, 0x0000000720000000)
    CS Y    TS    59 PTAMS 0x0000000720000000 NTAMS 0x0000000720000000 space 16384K, 100% used [0x0000000720000000, 0x0000000721000000, 0x0000000721000000)
    CS Y    TS    59 PTAMS 0x0000000721000000 NTAMS 0x0000000721000000 space 16384K, 100% used [0x0000000721000000, 0x0000000722000000, 0x0000000722000000)
    CS Y    TS    59 PTAMS 0x0000000722000000 NTAMS 0x0000000722000000 space 16384K, 100% used [0x0000000722000000, 0x0000000723000000, 0x0000000723000000)
    CS Y    TS    59 PTAMS 0x0000000723000000 NTAMS 0x0000000723000000 space 16384K, 100% used [0x0000000723000000, 0x0000000724000000, 0x0000000724000000)
    CS Y    TS    59 PTAMS 0x0000000724000000 NTAMS 0x0000000724000000 space 16384K, 100% used [0x0000000724000000, 0x0000000725000000, 0x0000000725000000)
    CS Y    TS    59 PTAMS 0x0000000725000000 NTAMS 0x0000000725000000 space 16384K, 100% used [0x0000000725000000, 0x0000000726000000, 0x0000000726000000)
    CS Y    TS    59 PTAMS 0x0000000726000000 NTAMS 0x0000000726000000 space 16384K, 100% used [0x0000000726000000, 0x0000000727000000, 0x0000000727000000)
    CS Y    TS    59 PTAMS 0x0000000727000000 NTAMS 0x0000000727000000 space 16384K, 100% used [0x0000000727000000, 0x0000000728000000, 0x0000000728000000)
    CS Y    TS    59 PTAMS 0x0000000728000000 NTAMS 0x0000000728000000 space 16384K, 100% used [0x0000000728000000, 0x0000000729000000, 0x0000000729000000)
    CS Y    TS    59 PTAMS 0x0000000729000000 NTAMS 0x0000000729000000 space 16384K, 100% used [0x0000000729000000, 0x000000072a000000, 0x000000072a000000)
    CS Y    TS    59 PTAMS 0x000000072a000000 NTAMS 0x000000072a000000 space 16384K, 100% used [0x000000072a000000, 0x000000072b000000, 0x000000072b000000)
    CS Y    TS    59 PTAMS 0x000000072b000000 NTAMS 0x000000072b000000 space 16384K, 100% used [0x000000072b000000, 0x000000072c000000, 0x000000072c000000)
    CS Y    TS    59 PTAMS 0x000000072c000000 NTAMS 0x000000072c000000 space 16384K, 100% used [0x000000072c000000, 0x000000072d000000, 0x000000072d000000)
    CS Y    TS    59 PTAMS 0x000000072d000000 NTAMS 0x000000072d000000 space 16384K, 100% used [0x000000072d000000, 0x000000072e000000, 0x000000072e000000)
    CS Y    TS    59 PTAMS 0x000000072e000000 NTAMS 0x000000072e000000 space 16384K, 100% used [0x000000072e000000, 0x000000072f000000, 0x000000072f000000)
    CS Y    TS    59 PTAMS 0x000000072f000000 NTAMS 0x000000072f000000 space 16384K, 100% used [0x000000072f000000, 0x0000000730000000, 0x0000000730000000)
    CS Y    TS    59 PTAMS 0x0000000730000000 NTAMS 0x0000000730000000 space 16384K, 100% used [0x0000000730000000, 0x0000000731000000, 0x0000000731000000)
    CS Y    TS    59 PTAMS 0x0000000731000000 NTAMS 0x0000000731000000 space 16384K, 100% used [0x0000000731000000, 0x0000000732000000, 0x0000000732000000)
    CS Y    TS    59 PTAMS 0x0000000732000000 NTAMS 0x0000000732000000 space 16384K, 100% used [0x0000000732000000, 0x0000000733000000, 0x0000000733000000)
    CS Y    TS    59 PTAMS 0x0000000733000000 NTAMS 0x0000000733000000 space 16384K, 100% used [0x0000000733000000, 0x0000000734000000, 0x0000000734000000)
    CS Y    TS    59 PTAMS 0x0000000734000000 NTAMS 0x0000000734000000 space 16384K, 100% used [0x0000000734000000, 0x0000000735000000, 0x0000000735000000)
    CS Y    TS    59 PTAMS 0x0000000735000000 NTAMS 0x0000000735000000 space 16384K, 100% used [0x0000000735000000, 0x0000000736000000, 0x0000000736000000)
    CS Y    TS    59 PTAMS 0x0000000736000000 NTAMS 0x0000000736000000 space 16384K, 100% used [0x0000000736000000, 0x0000000737000000, 0x0000000737000000)
    CS Y    TS    59 PTAMS 0x0000000737000000 NTAMS 0x0000000737000000 space 16384K, 100% used [0x0000000737000000, 0x0000000738000000, 0x0000000738000000)
    CS Y    TS    59 PTAMS 0x0000000738000000 NTAMS 0x0000000738000000 space 16384K, 100% used [0x0000000738000000, 0x0000000739000000, 0x0000000739000000)
    CS Y    TS    59 PTAMS 0x0000000739000000 NTAMS 0x0000000739000000 space 16384K, 100% used [0x0000000739000000, 0x000000073a000000, 0x000000073a000000)
    CS Y    TS    59 PTAMS 0x000000073a000000 NTAMS 0x000000073a000000 space 16384K, 100% used [0x000000073a000000, 0x000000073b000000, 0x000000073b000000)
    CS Y    TS    59 PTAMS 0x000000073b000000 NTAMS 0x000000073b000000 space 16384K, 100% used [0x000000073b000000, 0x000000073c000000, 0x000000073c000000)
    CS Y    TS    59 PTAMS 0x000000073c000000 NTAMS 0x000000073c000000 space 16384K, 100% used [0x000000073c000000, 0x000000073d000000, 0x000000073d000000)
    CS Y    TS    59 PTAMS 0x000000073d000000 NTAMS 0x000000073d000000 space 16384K, 100% used [0x000000073d000000, 0x000000073e000000, 0x000000073e000000)
    CS Y    TS    59 PTAMS 0x000000073e000000 NTAMS 0x000000073e000000 space 16384K, 100% used [0x000000073e000000, 0x000000073f000000, 0x000000073f000000)
    CS Y    TS    59 PTAMS 0x000000073f000000 NTAMS 0x000000073f000000 space 16384K, 100% used [0x000000073f000000, 0x0000000740000000, 0x0000000740000000)
    CS Y    TS    59 PTAMS 0x0000000740000000 NTAMS 0x0000000740000000 space 16384K, 100% used [0x0000000740000000, 0x0000000741000000, 0x0000000741000000)
    CS Y    TS    59 PTAMS 0x0000000741000000 NTAMS 0x0000000741000000 space 16384K, 100% used [0x0000000741000000, 0x0000000742000000, 0x0000000742000000)
    CS Y    TS    59 PTAMS 0x0000000742000000 NTAMS 0x0000000742000000 space 16384K, 100% used [0x0000000742000000, 0x0000000743000000, 0x0000000743000000)
    CS Y    TS    59 PTAMS 0x0000000743000000 NTAMS 0x0000000743000000 space 16384K, 100% used [0x0000000743000000, 0x0000000744000000, 0x0000000744000000)
    CS Y    TS    59 PTAMS 0x0000000744000000 NTAMS 0x0000000744000000 space 16384K, 100% used [0x0000000744000000, 0x0000000745000000, 0x0000000745000000)
    CS Y    TS    59 PTAMS 0x0000000745000000 NTAMS 0x0000000745000000 space 16384K, 100% used [0x0000000745000000, 0x0000000746000000, 0x0000000746000000)
    CS Y    TS    59 PTAMS 0x0000000746000000 NTAMS 0x0000000746000000 space 16384K, 100% used [0x0000000746000000, 0x0000000747000000, 0x0000000747000000)
    CS Y    TS    59 PTAMS 0x0000000747000000 NTAMS 0x0000000747000000 space 16384K, 100% used [0x0000000747000000, 0x0000000748000000, 0x0000000748000000)
    CS Y    TS    59 PTAMS 0x0000000748000000 NTAMS 0x0000000748000000 space 16384K, 100% used [0x0000000748000000, 0x0000000749000000, 0x0000000749000000)
    CS Y    TS    59 PTAMS 0x0000000749000000 NTAMS 0x0000000749000000 space 16384K, 100% used [0x0000000749000000, 0x000000074a000000, 0x000000074a000000)
    CS Y    TS    59 PTAMS 0x000000074a000000 NTAMS 0x000000074a000000 space 16384K, 100% used [0x000000074a000000, 0x000000074b000000, 0x000000074b000000)
    CS Y    TS    59 PTAMS 0x000000074b000000 NTAMS 0x000000074b000000 space 16384K, 100% used [0x000000074b000000, 0x000000074c000000, 0x000000074c000000)
    CS Y    TS    59 PTAMS 0x000000074c000000 NTAMS 0x000000074c000000 space 16384K, 100% used [0x000000074c000000, 0x000000074d000000, 0x000000074d000000)
    CS Y    TS    59 PTAMS 0x000000074d000000 NTAMS 0x000000074d000000 space 16384K, 100% used [0x000000074d000000, 0x000000074e000000, 0x000000074e000000)
    CS Y    TS    59 PTAMS 0x000000074e000000 NTAMS 0x000000074e000000 space 16384K, 100% used [0x000000074e000000, 0x000000074f000000, 0x000000074f000000)
    CS Y    TS    59 PTAMS 0x000000074f000000 NTAMS 0x000000074f000000 space 16384K, 100% used [0x000000074f000000, 0x0000000750000000, 0x0000000750000000)
    CS Y    TS    59 PTAMS 0x0000000750000000 NTAMS 0x0000000750000000 space 16384K, 100% used [0x0000000750000000, 0x0000000751000000, 0x0000000751000000)
    CS Y    TS    59 PTAMS 0x0000000751000000 NTAMS 0x0000000751000000 space 16384K, 100% used [0x0000000751000000, 0x0000000752000000, 0x0000000752000000)
    CS Y    TS    59 PTAMS 0x0000000752000000 NTAMS 0x0000000752000000 space 16384K, 100% used [0x0000000752000000, 0x0000000753000000, 0x0000000753000000)
    CS Y    TS    59 PTAMS 0x0000000753000000 NTAMS 0x0000000753000000 space 16384K, 100% used [0x0000000753000000, 0x0000000754000000, 0x0000000754000000)
    CS Y    TS    59 PTAMS 0x0000000754000000 NTAMS 0x0000000754000000 space 16384K, 100% used [0x0000000754000000, 0x0000000755000000, 0x0000000755000000)
    CS Y    TS    59 PTAMS 0x0000000755000000 NTAMS 0x0000000755000000 space 16384K, 100% used [0x0000000755000000, 0x0000000756000000, 0x0000000756000000)
    CS Y    TS    59 PTAMS 0x0000000756000000 NTAMS 0x0000000756000000 space 16384K, 100% used [0x0000000756000000, 0x0000000757000000, 0x0000000757000000)
    CS Y    TS    59 PTAMS 0x0000000757000000 NTAMS 0x0000000757000000 space 16384K, 100% used [0x0000000757000000, 0x0000000758000000, 0x0000000758000000)
    CS Y    TS    59 PTAMS 0x0000000758000000 NTAMS 0x0000000758000000 space 16384K, 100% used [0x0000000758000000, 0x0000000759000000, 0x0000000759000000)
    CS Y    TS    59 PTAMS 0x0000000759000000 NTAMS 0x0000000759000000 space 16384K, 100% used [0x0000000759000000, 0x000000075a000000, 0x000000075a000000)
    CS Y    TS    59 PTAMS 0x000000075a000000 NTAMS 0x000000075a000000 space 16384K, 100% used [0x000000075a000000, 0x000000075b000000, 0x000000075b000000)
    CS Y    TS    59 PTAMS 0x000000075b000000 NTAMS 0x000000075b000000 space 16384K, 100% used [0x000000075b000000, 0x000000075c000000, 0x000000075c000000)
    CS Y    TS    59 PTAMS 0x000000075c000000 NTAMS 0x000000075c000000 space 16384K, 100% used [0x000000075c000000, 0x000000075d000000, 0x000000075d000000)
    CS Y    TS    59 PTAMS 0x000000075d000000 NTAMS 0x000000075d000000 space 16384K, 100% used [0x000000075d000000, 0x000000075e000000, 0x000000075e000000)
    CS Y    TS    59 PTAMS 0x000000075e000000 NTAMS 0x000000075e000000 space 16384K, 100% used [0x000000075e000000, 0x000000075f000000, 0x000000075f000000)
    CS Y    TS    59 PTAMS 0x000000075f000000 NTAMS 0x000000075f000000 space 16384K, 100% used [0x000000075f000000, 0x0000000760000000, 0x0000000760000000)
    CS Y    TS    59 PTAMS 0x0000000760000000 NTAMS 0x0000000760000000 space 16384K, 100% used [0x0000000760000000, 0x0000000761000000, 0x0000000761000000)
    CS Y    TS    59 PTAMS 0x0000000761000000 NTAMS 0x0000000761000000 space 16384K, 100% used [0x0000000761000000, 0x0000000762000000, 0x0000000762000000)
    CS Y    TS    59 PTAMS 0x0000000762000000 NTAMS 0x0000000762000000 space 16384K, 100% used [0x0000000762000000, 0x0000000763000000, 0x0000000763000000)
    CS Y    TS    59 PTAMS 0x0000000763000000 NTAMS 0x0000000763000000 space 16384K, 100% used [0x0000000763000000, 0x0000000764000000, 0x0000000764000000)
    CS Y    TS    59 PTAMS 0x0000000764000000 NTAMS 0x0000000764000000 space 16384K, 100% used [0x0000000764000000, 0x0000000765000000, 0x0000000765000000)
    CS Y    TS    59 PTAMS 0x0000000765000000 NTAMS 0x0000000765000000 space 16384K, 100% used [0x0000000765000000, 0x0000000766000000, 0x0000000766000000)
    CS Y    TS    59 PTAMS 0x0000000766000000 NTAMS 0x0000000766000000 space 16384K, 100% used [0x0000000766000000, 0x0000000767000000, 0x0000000767000000)
    CS Y    TS    59 PTAMS 0x0000000767000000 NTAMS 0x0000000767000000 space 16384K, 100% used [0x0000000767000000, 0x0000000768000000, 0x0000000768000000)
GC Heap History (10 events):
Event: 135.665 GC heap before
{Heap before GC invocations=95 (full 5):
 garbage-first heap   total 2752512K, used 1920677K [0x00000006c0000000, 0x0000000768000000, 0x00000007c0000000)
  region size 16384K, 85 young (1392640K), 1 survivors (16384K)
 Metaspace       used 53555K, capacity 54141K, committed 54616K, reserved 1097728K
  class space    used 6489K, capacity 6665K, committed 6784K, reserved 1048576K
Event: 135.674 GC heap after
Heap after GC invocations=96 (full 5):
 garbage-first heap   total 2752512K, used 542648K [0x00000006c0000000, 0x0000000768000000, 0x00000007c0000000)
  region size 16384K, 1 young (16384K), 1 survivors (16384K)
 Metaspace       used 53555K, capacity 54141K, committed 54616K, reserved 1097728K
  class space    used 6489K, capacity 6665K, committed 6784K, reserved 1048576K
}
Event: 139.992 GC heap before
{Heap before GC invocations=96 (full 5):
 garbage-first heap   total 2752512K, used 1918904K [0x00000006c0000000, 0x0000000768000000, 0x00000007c0000000)
  region size 16384K, 85 young (1392640K), 1 survivors (16384K)
 Metaspace       used 53557K, capacity 54141K, committed 54616K, reserved 1097728K
  class space    used 6489K, capacity 6665K, committed 6784K, reserved 1048576K
Event: 140.000 GC heap after
Heap after GC invocations=97 (full 5):
 garbage-first heap   total 2752512K, used 540771K [0x00000006c0000000, 0x0000000768000000, 0x00000007c0000000)
  region size 16384K, 1 young (16384K), 1 survivors (16384K)
 Metaspace       used 53557K, capacity 54141K, committed 54616K, reserved 1097728K
  class space    used 6489K, capacity 6665K, committed 6784K, reserved 1048576K
}
Event: 144.385 GC heap before
{Heap before GC invocations=97 (full 5):
 garbage-first heap   total 2752512K, used 1917027K [0x00000006c0000000, 0x0000000768000000, 0x00000007c0000000)
  region size 16384K, 85 young (1392640K), 1 survivors (16384K)
 Metaspace       used 53572K, capacity 54141K, committed 54616K, reserved 1097728K
  class space    used 6489K, capacity 6665K, committed 6784K, reserved 1048576K
Event: 144.395 GC heap after
Heap after GC invocations=98 (full 5):
 garbage-first heap   total 2752512K, used 542579K [0x00000006c0000000, 0x0000000768000000, 0x00000007c0000000)
  region size 16384K, 1 young (16384K), 1 survivors (16384K)
 Metaspace       used 53572K, capacity 54141K, committed 54616K, reserved 1097728K
  class space    used 6489K, capacity 6665K, committed 6784K, reserved 1048576K
}
Event: 148.772 GC heap before
{Heap before GC invocations=98 (full 5):
 garbage-first heap   total 2752512K, used 1918835K [0x00000006c0000000, 0x0000000768000000, 0x00000007c0000000)
  region size 16384K, 85 young (1392640K), 1 survivors (16384K)
 Metaspace       used 53577K, capacity 54141K, committed 54616K, reserved 1097728K
  class space    used 6489K, capacity 6665K, committed 6784K, reserved 1048576K
Event: 148.783 GC heap after
Heap after GC invocations=99 (full 5):
 garbage-first heap   total 2752512K, used 544659K [0x00000006c0000000, 0x0000000768000000, 0x00000007c0000000)
  region size 16384K, 1 young (16384K), 1 survivors (16384K)
 Metaspace       used 53577K, capacity 54141K, committed 54616K, reserved 1097728K
  class space    used 6489K, capacity 6665K, committed 6784K, reserved 1048576K
}
Event: 153.415 GC heap before
{Heap before GC invocations=99 (full 5):
 garbage-first heap   total 2752512K, used 1920915K [0x00000006c0000000, 0x0000000768000000, 0x00000007c0000000)
  region size 16384K, 85 young (1392640K), 1 survivors (16384K)
 Metaspace       used 53584K, capacity 54141K, committed 54616K, reserved 1097728K
  class space    used 6489K, capacity 6665K, committed 6784K, reserved 1048576K
Event: 153.429 GC heap after
Heap after GC invocations=100 (full 5):
 garbage-first heap   total 2752512K, used 545838K [0x00000006c0000000, 0x0000000768000000, 0x00000007c0000000)
  region size 16384K, 1 young (16384K), 1 survivors (16384K)
 Metaspace       used 53584K, capacity 54141K, committed 54616K, reserved 1097728K
  class space    used 6489K, capacity 6665K, committed 6784K, reserved 1048576K
}

