# JRE version: Java(TM) SE Runtime Environment (8.0_25-b18) (build 1.8.0_25-b18)
# Java VM: Java HotSpot(TM) 64-Bit Server VM (25.25-b02 mixed mode windows-amd64 compressed oops)
Heap:
 garbage-first heap   total 1916928K, used 1175826K [0x00000006c0000000, 0x0000000735000000, 0x00000007c0000000)
  region size 16384K, 42 young (688128K), 2 survivors (32768K)
 Metaspace       used 53485K, capacity 54143K, committed 54488K, reserved 1097728K
  class space    used 6421K, capacity 6596K, committed 6656K, reserved 1048576K
Heap Regions: (Y=young(eden), SU=young(survivor), HS=humongous(starts), HC=humongous(continues), CS=collection set, F=free, TS=gc time stamp, PTAMS=previous top-at-mark-start, NTAMS=next top-at-mark-start)
            TS     0 PTAMS 0x00000006c1000000 NTAMS 0x00000006c1000000 space 16384K, 100% used [0x00000006c0000000, 0x00000006c1000000, 0x00000006c1000000)
            TS     0 PTAMS 0x00000006c1ff2008 NTAMS 0x00000006c1ff2008 space 16384K,  99% used [0x00000006c1000000, 0x00000006c1ff2008, 0x00000006c2000000)
            TS     0 PTAMS 0x00000006c2ffff48 NTAMS 0x00000006c2ffff48 space 16384K,  99% used [0x00000006c2000000, 0x00000006c2ffff48, 0x00000006c3000000)
            TS     0 PTAMS 0x00000006c3fff620 NTAMS 0x00000006c3fff620 space 16384K,  99% used [0x00000006c3000000, 0x00000006c3fff620, 0x00000006c4000000)
            TS     0 PTAMS 0x00000006c4ffdab8 NTAMS 0x00000006c4ffdab8 space 16384K,  99% used [0x00000006c4000000, 0x00000006c4ffdab8, 0x00000006c5000000)
            TS     0 PTAMS 0x00000006c5fffff0 NTAMS 0x00000006c5fffff0 space 16384K,  99% used [0x00000006c5000000, 0x00000006c5fffff0, 0x00000006c6000000)
 HS         TS     0 PTAMS 0x00000006c6a00010 NTAMS 0x00000006c6a00010 space 16384K,  62% used [0x00000006c6000000, 0x00000006c6a00010, 0x00000006c7000000)
            TS     0 PTAMS 0x00000006c7fdca70 NTAMS 0x00000006c7fdca70 space 16384K,  99% used [0x00000006c7000000, 0x00000006c7fdca70, 0x00000006c8000000)
            TS     0 PTAMS 0x00000006c8fffff8 NTAMS 0x00000006c8fffff8 space 16384K,  99% used [0x00000006c8000000, 0x00000006c8fffff8, 0x00000006c9000000)
            TS     0 PTAMS 0x00000006ca000000 NTAMS 0x00000006ca000000 space 16384K, 100% used [0x00000006c9000000, 0x00000006ca000000, 0x00000006ca000000)
            TS     0 PTAMS 0x00000006caffffc8 NTAMS 0x00000006caffffc8 space 16384K,  99% used [0x00000006ca000000, 0x00000006caffffc8, 0x00000006cb000000)
            TS     0 PTAMS 0x00000006cc000000 NTAMS 0x00000006cc000000 space 16384K, 100% used [0x00000006cb000000, 0x00000006cc000000, 0x00000006cc000000)
            TS     0 PTAMS 0x00000006ccffd378 NTAMS 0x00000006ccffd378 space 16384K,  99% used [0x00000006cc000000, 0x00000006ccffd378, 0x00000006cd000000)
            TS     0 PTAMS 0x00000006cdffffa8 NTAMS 0x00000006cdffffa8 space 16384K,  99% used [0x00000006cd000000, 0x00000006cdffffa8, 0x00000006ce000000)
            TS     0 PTAMS 0x00000006cf000000 NTAMS 0x00000006cf000000 space 16384K, 100% used [0x00000006ce000000, 0x00000006cf000000, 0x00000006cf000000)
            TS     0 PTAMS 0x00000006d0000000 NTAMS 0x00000006d0000000 space 16384K, 100% used [0x00000006cf000000, 0x00000006d0000000, 0x00000006d0000000)
            TS     0 PTAMS 0x00000006d1000000 NTAMS 0x00000006d1000000 space 16384K, 100% used [0x00000006d0000000, 0x00000006d1000000, 0x00000006d1000000)
            TS     0 PTAMS 0x00000006d2000000 NTAMS 0x00000006d2000000 space 16384K, 100% used [0x00000006d1000000, 0x00000006d2000000, 0x00000006d2000000)
            TS     0 PTAMS 0x00000006d3000000 NTAMS 0x00000006d3000000 space 16384K, 100% used [0x00000006d2000000, 0x00000006d3000000, 0x00000006d3000000)
            TS     0 PTAMS 0x00000006d4000000 NTAMS 0x00000006d4000000 space 16384K, 100% used [0x00000006d3000000, 0x00000006d4000000, 0x00000006d4000000)
            TS     0 PTAMS 0x00000006d5000000 NTAMS 0x00000006d5000000 space 16384K, 100% used [0x00000006d4000000, 0x00000006d5000000, 0x00000006d5000000)
            TS     0 PTAMS 0x00000006d6000000 NTAMS 0x00000006d6000000 space 16384K, 100% used [0x00000006d5000000, 0x00000006d6000000, 0x00000006d6000000)
            TS     1 PTAMS 0x00000006d6fb87a0 NTAMS 0x00000006d6fb87a0 space 16384K, 100% used [0x00000006d6000000, 0x00000006d7000000, 0x00000006d7000000)
            TS     3 PTAMS 0x00000006d7000000 NTAMS 0x00000006d7000000 space 16384K,  82% used [0x00000006d7000000, 0x00000006d7d383b0, 0x00000006d8000000)
          F TS     0 PTAMS 0x00000006d8000000 NTAMS 0x00000006d8000000 space 16384K,   0% used [0x00000006d8000000, 0x00000006d8000000, 0x00000006d9000000)
            TS     0 PTAMS 0x00000006da000000 NTAMS 0x00000006da000000 space 16384K, 100% used [0x00000006d9000000, 0x00000006da000000, 0x00000006da000000)
            TS     0 PTAMS 0x00000006db000000 NTAMS 0x00000006db000000 space 16384K, 100% used [0x00000006da000000, 0x00000006db000000, 0x00000006db000000)
          F TS     0 PTAMS 0x00000006db000000 NTAMS 0x00000006db000000 space 16384K,   0% used [0x00000006db000000, 0x00000006db000000, 0x00000006dc000000)
          F TS     0 PTAMS 0x00000006dc000000 NTAMS 0x00000006dc000000 space 16384K,   0% used [0x00000006dc000000, 0x00000006dc000000, 0x00000006dd000000)
          F TS     0 PTAMS 0x00000006dd000000 NTAMS 0x00000006dd000000 space 16384K,   0% used [0x00000006dd000000, 0x00000006dd000000, 0x00000006de000000)
          F TS     0 PTAMS 0x00000006de000000 NTAMS 0x00000006de000000 space 16384K,   0% used [0x00000006de000000, 0x00000006de000000, 0x00000006df000000)
          F TS     3 PTAMS 0x00000006df000000 NTAMS 0x00000006df000000 space 16384K,   0% used [0x00000006df000000, 0x00000006df000000, 0x00000006e0000000)
            TS     0 PTAMS 0x00000006e1000000 NTAMS 0x00000006e1000000 space 16384K, 100% used [0x00000006e0000000, 0x00000006e1000000, 0x00000006e1000000)
            TS     0 PTAMS 0x00000006e2000000 NTAMS 0x00000006e2000000 space 16384K, 100% used [0x00000006e1000000, 0x00000006e2000000, 0x00000006e2000000)
          F TS     0 PTAMS 0x00000006e2000000 NTAMS 0x00000006e2000000 space 16384K,   0% used [0x00000006e2000000, 0x00000006e2000000, 0x00000006e3000000)
          F TS     0 PTAMS 0x00000006e3000000 NTAMS 0x00000006e3000000 space 16384K,   0% used [0x00000006e3000000, 0x00000006e3000000, 0x00000006e4000000)
          F TS     0 PTAMS 0x00000006e4000000 NTAMS 0x00000006e4000000 space 16384K,   0% used [0x00000006e4000000, 0x00000006e4000000, 0x00000006e5000000)
          F TS     0 PTAMS 0x00000006e5000000 NTAMS 0x00000006e5000000 space 16384K,   0% used [0x00000006e5000000, 0x00000006e5000000, 0x00000006e6000000)
          F TS     0 PTAMS 0x00000006e6000000 NTAMS 0x00000006e6000000 space 16384K,   0% used [0x00000006e6000000, 0x00000006e6000000, 0x00000006e7000000)
          F TS     3 PTAMS 0x00000006e7000000 NTAMS 0x00000006e7000000 space 16384K,   0% used [0x00000006e7000000, 0x00000006e7000000, 0x00000006e8000000)
          F TS     3 PTAMS 0x00000006e8000000 NTAMS 0x00000006e8000000 space 16384K,   0% used [0x00000006e8000000, 0x00000006e8000000, 0x00000006e9000000)
          F TS     0 PTAMS 0x00000006e9000000 NTAMS 0x00000006e9000000 space 16384K,   0% used [0x00000006e9000000, 0x00000006e9000000, 0x00000006ea000000)
          F TS     0 PTAMS 0x00000006ea000000 NTAMS 0x00000006ea000000 space 16384K,   0% used [0x00000006ea000000, 0x00000006ea000000, 0x00000006eb000000)
          F TS     0 PTAMS 0x00000006eb000000 NTAMS 0x00000006eb000000 space 16384K,   0% used [0x00000006eb000000, 0x00000006eb000000, 0x00000006ec000000)
            TS     0 PTAMS 0x00000006ed000000 NTAMS 0x00000006ed000000 space 16384K, 100% used [0x00000006ec000000, 0x00000006ed000000, 0x00000006ed000000)
          F TS     0 PTAMS 0x00000006ed000000 NTAMS 0x00000006ed000000 space 16384K,   0% used [0x00000006ed000000, 0x00000006ed000000, 0x00000006ee000000)
          F TS     0 PTAMS 0x00000006ee000000 NTAMS 0x00000006ee000000 space 16384K,   0% used [0x00000006ee000000, 0x00000006ee000000, 0x00000006ef000000)
          F TS     0 PTAMS 0x00000006ef000000 NTAMS 0x00000006ef000000 space 16384K,   0% used [0x00000006ef000000, 0x00000006ef000000, 0x00000006f0000000)
            TS     0 PTAMS 0x00000006f1000000 NTAMS 0x00000006f1000000 space 16384K, 100% used [0x00000006f0000000, 0x00000006f1000000, 0x00000006f1000000)
          F TS     0 PTAMS 0x00000006f1000000 NTAMS 0x00000006f1000000 space 16384K,   0% used [0x00000006f1000000, 0x00000006f1000000, 0x00000006f2000000)
          F TS     0 PTAMS 0x00000006f2000000 NTAMS 0x00000006f2000000 space 16384K,   0% used [0x00000006f2000000, 0x00000006f2000000, 0x00000006f3000000)
          F TS     0 PTAMS 0x00000006f3000000 NTAMS 0x00000006f3000000 space 16384K,   0% used [0x00000006f3000000, 0x00000006f3000000, 0x00000006f4000000)
          F TS     0 PTAMS 0x00000006f4000000 NTAMS 0x00000006f4000000 space 16384K,   0% used [0x00000006f4000000, 0x00000006f4000000, 0x00000006f5000000)
            TS     0 PTAMS 0x00000006f6000000 NTAMS 0x00000006f6000000 space 16384K, 100% used [0x00000006f5000000, 0x00000006f6000000, 0x00000006f6000000)
          F TS     3 PTAMS 0x00000006f6000000 NTAMS 0x00000006f6000000 space 16384K,   0% used [0x00000006f6000000, 0x00000006f6000000, 0x00000006f7000000)
            TS     0 PTAMS 0x00000006f8000000 NTAMS 0x00000006f8000000 space 16384K, 100% used [0x00000006f7000000, 0x00000006f8000000, 0x00000006f8000000)
          F TS     0 PTAMS 0x00000006f8000000 NTAMS 0x00000006f8000000 space 16384K,   0% used [0x00000006f8000000, 0x00000006f8000000, 0x00000006f9000000)
          F TS     0 PTAMS 0x00000006f9000000 NTAMS 0x00000006f9000000 space 16384K,   0% used [0x00000006f9000000, 0x00000006f9000000, 0x00000006fa000000)
          F TS     0 PTAMS 0x00000006fa000000 NTAMS 0x00000006fa000000 space 16384K,   0% used [0x00000006fa000000, 0x00000006fa000000, 0x00000006fb000000)
          F TS     0 PTAMS 0x00000006fb000000 NTAMS 0x00000006fb000000 space 16384K,   0% used [0x00000006fb000000, 0x00000006fb000000, 0x00000006fc000000)
          F TS     0 PTAMS 0x00000006fc000000 NTAMS 0x00000006fc000000 space 16384K,   0% used [0x00000006fc000000, 0x00000006fc000000, 0x00000006fd000000)
          F TS     0 PTAMS 0x00000006fd000000 NTAMS 0x00000006fd000000 space 16384K,   0% used [0x00000006fd000000, 0x00000006fd000000, 0x00000006fe000000)
          F TS     0 PTAMS 0x00000006fe000000 NTAMS 0x00000006fe000000 space 16384K,   0% used [0x00000006fe000000, 0x00000006fe000000, 0x00000006ff000000)
          F TS     0 PTAMS 0x00000006ff000000 NTAMS 0x00000006ff000000 space 16384K,   0% used [0x00000006ff000000, 0x00000006ff000000, 0x0000000700000000)
          F TS     0 PTAMS 0x0000000700000000 NTAMS 0x0000000700000000 space 16384K,   0% used [0x0000000700000000, 0x0000000700000000, 0x0000000701000000)
          F TS     0 PTAMS 0x0000000701000000 NTAMS 0x0000000701000000 space 16384K,   0% used [0x0000000701000000, 0x0000000701000000, 0x0000000702000000)
          F TS     0 PTAMS 0x0000000702000000 NTAMS 0x0000000702000000 space 16384K,   0% used [0x0000000702000000, 0x0000000702000000, 0x0000000703000000)
          F TS     0 PTAMS 0x0000000703000000 NTAMS 0x0000000703000000 space 16384K,   0% used [0x0000000703000000, 0x0000000703000000, 0x0000000704000000)
          F TS     0 PTAMS 0x0000000704000000 NTAMS 0x0000000704000000 space 16384K,   0% used [0x0000000704000000, 0x0000000704000000, 0x0000000705000000)
          F TS     1 PTAMS 0x0000000705000000 NTAMS 0x0000000705000000 space 16384K,   0% used [0x0000000705000000, 0x0000000705000000, 0x0000000706000000)
          F TS     1 PTAMS 0x0000000706000000 NTAMS 0x0000000706000000 space 16384K,   0% used [0x0000000706000000, 0x0000000706000000, 0x0000000707000000)
          F TS     0 PTAMS 0x0000000707000000 NTAMS 0x0000000707000000 space 16384K,   0% used [0x0000000707000000, 0x0000000707000000, 0x0000000708000000)
          F TS     0 PTAMS 0x0000000708000000 NTAMS 0x0000000708000000 space 16384K,   0% used [0x0000000708000000, 0x0000000708000000, 0x0000000709000000)
          F TS     0 PTAMS 0x0000000709000000 NTAMS 0x0000000709000000 space 16384K,   0% used [0x0000000709000000, 0x0000000709000000, 0x000000070a000000)
          F TS     0 PTAMS 0x000000070a000000 NTAMS 0x000000070a000000 space 16384K,   0% used [0x000000070a000000, 0x000000070a000000, 0x000000070b000000)
       Y    TS     0 PTAMS 0x000000070b000000 NTAMS 0x000000070b000000 space 16384K,  68% used [0x000000070b000000, 0x000000070bafd948, 0x000000070c000000)
    CS Y    TS     0 PTAMS 0x000000070c000000 NTAMS 0x000000070c000000 space 16384K, 100% used [0x000000070c000000, 0x000000070d000000, 0x000000070d000000)
    CS Y    TS     0 PTAMS 0x000000070d000000 NTAMS 0x000000070d000000 space 16384K, 100% used [0x000000070d000000, 0x000000070e000000, 0x000000070e000000)
    CS Y    TS     0 PTAMS 0x000000070e000000 NTAMS 0x000000070e000000 space 16384K, 100% used [0x000000070e000000, 0x000000070f000000, 0x000000070f000000)
    CS Y    TS     3 PTAMS 0x000000070f000000 NTAMS 0x000000070f000000 space 16384K, 100% used [0x000000070f000000, 0x0000000710000000, 0x0000000710000000)
    CS Y    TS     3 PTAMS 0x0000000710000000 NTAMS 0x0000000710000000 space 16384K, 100% used [0x0000000710000000, 0x0000000711000000, 0x0000000711000000)
    CS Y    TS     1 PTAMS 0x0000000711000000 NTAMS 0x0000000711000000 space 16384K, 100% used [0x0000000711000000, 0x0000000712000000, 0x0000000712000000)
    CS Y    TS     1 PTAMS 0x0000000712000000 NTAMS 0x0000000712000000 space 16384K, 100% used [0x0000000712000000, 0x0000000713000000, 0x0000000713000000)
    CS Y    TS     1 PTAMS 0x0000000713000000 NTAMS 0x0000000713000000 space 16384K, 100% used [0x0000000713000000, 0x0000000714000000, 0x0000000714000000)
    CS Y    TS     1 PTAMS 0x0000000714000000 NTAMS 0x0000000714000000 space 16384K, 100% used [0x0000000714000000, 0x0000000715000000, 0x0000000715000000)
    CS Y    TS     1 PTAMS 0x0000000715000000 NTAMS 0x0000000715000000 space 16384K, 100% used [0x0000000715000000, 0x0000000716000000, 0x0000000716000000)
    CS Y    TS     1 PTAMS 0x0000000716000000 NTAMS 0x0000000716000000 space 16384K, 100% used [0x0000000716000000, 0x0000000717000000, 0x0000000717000000)
    CS Y    TS     1 PTAMS 0x0000000717000000 NTAMS 0x0000000717000000 space 16384K, 100% used [0x0000000717000000, 0x0000000718000000, 0x0000000718000000)
    CS Y    TS     1 PTAMS 0x0000000718000000 NTAMS 0x0000000718000000 space 16384K, 100% used [0x0000000718000000, 0x0000000719000000, 0x0000000719000000)
    CS Y    TS     1 PTAMS 0x0000000719000000 NTAMS 0x0000000719000000 space 16384K, 100% used [0x0000000719000000, 0x000000071a000000, 0x000000071a000000)
    CS Y    TS     1 PTAMS 0x000000071a000000 NTAMS 0x000000071a000000 space 16384K, 100% used [0x000000071a000000, 0x000000071b000000, 0x000000071b000000)
    CS Y    TS     1 PTAMS 0x000000071b000000 NTAMS 0x000000071b000000 space 16384K, 100% used [0x000000071b000000, 0x000000071c000000, 0x000000071c000000)
    CS Y    TS     1 PTAMS 0x000000071c000000 NTAMS 0x000000071c000000 space 16384K, 100% used [0x000000071c000000, 0x000000071d000000, 0x000000071d000000)
    CS Y    TS     1 PTAMS 0x000000071d000000 NTAMS 0x000000071d000000 space 16384K, 100% used [0x000000071d000000, 0x000000071e000000, 0x000000071e000000)
    CS SU   TS     3 PTAMS 0x000000071e000000 NTAMS 0x000000071e000000 space 16384K,  32% used [0x000000071e000000, 0x000000071e543710, 0x000000071f000000)
    CS SU   TS     3 PTAMS 0x000000071f000000 NTAMS 0x000000071f000000 space 16384K, 100% used [0x000000071f000000, 0x0000000720000000, 0x0000000720000000)
    CS Y    TS     3 PTAMS 0x0000000720000000 NTAMS 0x0000000720000000 space 16384K, 100% used [0x0000000720000000, 0x0000000721000000, 0x0000000721000000)
    CS Y    TS     3 PTAMS 0x0000000721000000 NTAMS 0x0000000721000000 space 16384K, 100% used [0x0000000721000000, 0x0000000722000000, 0x0000000722000000)
    CS Y    TS     3 PTAMS 0x0000000722000000 NTAMS 0x0000000722000000 space 16384K, 100% used [0x0000000722000000, 0x0000000723000000, 0x0000000723000000)
    CS Y    TS     3 PTAMS 0x0000000723000000 NTAMS 0x0000000723000000 space 16384K, 100% used [0x0000000723000000, 0x0000000724000000, 0x0000000724000000)
    CS Y    TS     3 PTAMS 0x0000000724000000 NTAMS 0x0000000724000000 space 16384K, 100% used [0x0000000724000000, 0x0000000725000000, 0x0000000725000000)
    CS Y    TS     3 PTAMS 0x0000000725000000 NTAMS 0x0000000725000000 space 16384K, 100% used [0x0000000725000000, 0x0000000726000000, 0x0000000726000000)
    CS Y    TS     3 PTAMS 0x0000000726000000 NTAMS 0x0000000726000000 space 16384K, 100% used [0x0000000726000000, 0x0000000727000000, 0x0000000727000000)
    CS Y    TS     3 PTAMS 0x0000000727000000 NTAMS 0x0000000727000000 space 16384K, 100% used [0x0000000727000000, 0x0000000728000000, 0x0000000728000000)
    CS Y    TS     3 PTAMS 0x0000000728000000 NTAMS 0x0000000728000000 space 16384K, 100% used [0x0000000728000000, 0x0000000729000000, 0x0000000729000000)
    CS Y    TS     3 PTAMS 0x0000000729000000 NTAMS 0x0000000729000000 space 16384K, 100% used [0x0000000729000000, 0x000000072a000000, 0x000000072a000000)
    CS Y    TS     3 PTAMS 0x000000072a000000 NTAMS 0x000000072a000000 space 16384K, 100% used [0x000000072a000000, 0x000000072b000000, 0x000000072b000000)
    CS Y    TS     3 PTAMS 0x000000072b000000 NTAMS 0x000000072b000000 space 16384K, 100% used [0x000000072b000000, 0x000000072c000000, 0x000000072c000000)
    CS Y    TS     3 PTAMS 0x000000072c000000 NTAMS 0x000000072c000000 space 16384K, 100% used [0x000000072c000000, 0x000000072d000000, 0x000000072d000000)
    CS Y    TS     3 PTAMS 0x000000072d000000 NTAMS 0x000000072d000000 space 16384K, 100% used [0x000000072d000000, 0x000000072e000000, 0x000000072e000000)
    CS Y    TS     3 PTAMS 0x000000072e000000 NTAMS 0x000000072e000000 space 16384K, 100% used [0x000000072e000000, 0x000000072f000000, 0x000000072f000000)
    CS Y    TS     3 PTAMS 0x000000072f000000 NTAMS 0x000000072f000000 space 16384K, 100% used [0x000000072f000000, 0x0000000730000000, 0x0000000730000000)
    CS Y    TS     3 PTAMS 0x0000000730000000 NTAMS 0x0000000730000000 space 16384K, 100% used [0x0000000730000000, 0x0000000731000000, 0x0000000731000000)
    CS Y    TS     3 PTAMS 0x0000000731000000 NTAMS 0x0000000731000000 space 16384K, 100% used [0x0000000731000000, 0x0000000732000000, 0x0000000732000000)
    CS Y    TS     3 PTAMS 0x0000000732000000 NTAMS 0x0000000732000000 space 16384K, 100% used [0x0000000732000000, 0x0000000733000000, 0x0000000733000000)
    CS Y    TS     3 PTAMS 0x0000000733000000 NTAMS 0x0000000733000000 space 16384K, 100% used [0x0000000733000000, 0x0000000734000000, 0x0000000734000000)
    CS Y    TS     3 PTAMS 0x0000000734000000 NTAMS 0x0000000734000000 space 16384K, 100% used [0x0000000734000000, 0x0000000735000000, 0x0000000735000000)
GC Heap History (10 events):
Event: 2054.547 GC heap before
{Heap before GC invocations=331 (full 4):
 garbage-first heap   total 1916928K, used 1305932K [0x00000006c0000000, 0x0000000735000000, 0x00000007c0000000)
  region size 16384K, 39 young (638976K), 4 survivors (65536K)
 Metaspace       used 53457K, capacity 54143K, committed 54488K, reserved 1097728K
  class space    used 6421K, capacity 6596K, committed 6656K, reserved 1048576K
Event: 2054.556 GC heap after
Heap after GC invocations=332 (full 4):
 garbage-first heap   total 1916928K, used 734233K [0x00000006c0000000, 0x0000000735000000, 0x00000007c0000000)
  region size 16384K, 3 young (49152K), 3 survivors (49152K)
 Metaspace       used 53457K, capacity 54143K, committed 54488K, reserved 1097728K
  class space    used 6421K, capacity 6596K, committed 6656K, reserved 1048576K
}
Event: 2065.605 GC heap before
{Heap before GC invocations=332 (full 4):
 garbage-first heap   total 1916928K, used 1340441K [0x00000006c0000000, 0x0000000735000000, 0x00000007c0000000)
  region size 16384K, 39 young (638976K), 3 survivors (49152K)
 Metaspace       used 53474K, capacity 54143K, committed 54488K, reserved 1097728K
  class space    used 6421K, capacity 6596K, committed 6656K, reserved 1048576K
Event: 2065.614 GC heap after
Heap after GC invocations=333 (full 4):
 garbage-first heap   total 1916928K, used 771546K [0x00000006c0000000, 0x0000000735000000, 0x00000007c0000000)
  region size 16384K, 4 young (65536K), 4 survivors (65536K)
 Metaspace       used 53474K, capacity 54143K, committed 54488K, reserved 1097728K
  class space    used 6421K, capacity 6596K, committed 6656K, reserved 1048576K
}
Event: 2073.816 GC heap before
{Heap before GC invocations=333 (full 4):
 garbage-first heap   total 1916928K, used 1295834K [0x00000006c0000000, 0x0000000735000000, 0x00000007c0000000)
  region size 16384K, 36 young (589824K), 4 survivors (65536K)
 Metaspace       used 53474K, capacity 54143K, committed 54488K, reserved 1097728K
  class space    used 6421K, capacity 6596K, committed 6656K, reserved 1048576K
Event: 2073.829 GC heap after
Heap after GC invocations=334 (full 4):
 garbage-first heap   total 1916928K, used 746874K [0x00000006c0000000, 0x0000000735000000, 0x00000007c0000000)
  region size 16384K, 2 young (32768K), 2 survivors (32768K)
 Metaspace       used 53474K, capacity 54143K, committed 54488K, reserved 1097728K
  class space    used 6421K, capacity 6596K, committed 6656K, reserved 1048576K
}
Event: 2087.046 GC heap before
{Heap before GC invocations=335 (full 4):
 garbage-first heap   total 1916928K, used 1189242K [0x00000006c0000000, 0x0000000735000000, 0x00000007c0000000)
  region size 16384K, 38 young (622592K), 2 survivors (32768K)
 Metaspace       used 53478K, capacity 54143K, committed 54488K, reserved 1097728K
  class space    used 6421K, capacity 6596K, committed 6656K, reserved 1048576K
Event: 2087.054 GC heap after
Heap after GC invocations=336 (full 4):
 garbage-first heap   total 1916928K, used 605377K [0x00000006c0000000, 0x0000000735000000, 0x00000007c0000000)
  region size 16384K, 2 young (32768K), 2 survivors (32768K)
 Metaspace       used 53478K, capacity 54143K, committed 54488K, reserved 1097728K
  class space    used 6421K, capacity 6596K, committed 6656K, reserved 1048576K
}
Event: 2090.458 GC heap before
{Heap before GC invocations=336 (full 4):
 garbage-first heap   total 1916928K, used 949441K [0x00000006c0000000, 0x0000000735000000, 0x00000007c0000000)
  region size 16384K, 23 young (376832K), 2 survivors (32768K)
 Metaspace       used 53479K, capacity 54143K, committed 54488K, reserved 1097728K
  class space    used 6421K, capacity 6596K, committed 6656K, reserved 1048576K
Event: 2090.465 GC heap after
Heap after GC invocations=337 (full 4):
 garbage-first heap   total 1916928K, used 536850K [0x00000006c0000000, 0x0000000735000000, 0x00000007c0000000)
  region size 16384K, 2 young (32768K), 2 survivors (32768K)
 Metaspace       used 53479K, capacity 54143K, committed 54488K, reserved 1097728K
  class space    used 6421K, capacity 6596K, committed 6656K, reserved 1048576K
}

