# JRE version: Java(TM) SE Runtime Environment (8.0_25-b18) (build 1.8.0_25-b18)
# Java VM: Java HotSpot(TM) 64-Bit Server VM (25.25-b02 mixed mode windows-amd64 compressed oops)
Heap:
 garbage-first heap   total 2752512K, used 1173858K [0x00000006c0000000, 0x0000000768000000, 0x00000007c0000000)
  region size 16384K, 25 young (409600K), 1 survivors (16384K)
 Metaspace       used 54297K, capacity 54909K, committed 55256K, reserved 1097728K
  class space    used 6493K, capacity 6637K, committed 6656K, reserved 1048576K
Heap Regions: (Y=young(eden), SU=young(survivor), HS=humongous(starts), HC=humongous(continues), CS=collection set, F=free, TS=gc time stamp, PTAMS=previous top-at-mark-start, NTAMS=next top-at-mark-start)
            TS     0 PTAMS 0x00000006c0fffff8 NTAMS 0x00000006c0fffff8 space 16384K,  99% used [0x00000006c0000000, 0x00000006c0fffff8, 0x00000006c1000000)
            TS     0 PTAMS 0x00000006c1ffffe8 NTAMS 0x00000006c1ffffe8 space 16384K,  99% used [0x00000006c1000000, 0x00000006c1ffffe8, 0x00000006c2000000)
            TS     0 PTAMS 0x00000006c2fffdf8 NTAMS 0x00000006c2fffdf8 space 16384K,  99% used [0x00000006c2000000, 0x00000006c2fffdf8, 0x00000006c3000000)
            TS     0 PTAMS 0x00000006c3ffffe8 NTAMS 0x00000006c3ffffe8 space 16384K,  99% used [0x00000006c3000000, 0x00000006c3ffffe8, 0x00000006c4000000)
            TS     0 PTAMS 0x00000006c4fff9e8 NTAMS 0x00000006c4fff9e8 space 16384K,  99% used [0x00000006c4000000, 0x00000006c4fff9e8, 0x00000006c5000000)
            TS     0 PTAMS 0x00000006c5fff390 NTAMS 0x00000006c5fff390 space 16384K,  99% used [0x00000006c5000000, 0x00000006c5fff390, 0x00000006c6000000)
            TS     0 PTAMS 0x00000006c6ffffe0 NTAMS 0x00000006c6ffffe0 space 16384K,  99% used [0x00000006c6000000, 0x00000006c6ffffe0, 0x00000006c7000000)
 HS         TS     0 PTAMS 0x00000006c7a00010 NTAMS 0x00000006c7a00010 space 16384K,  62% used [0x00000006c7000000, 0x00000006c7a00010, 0x00000006c8000000)
            TS     0 PTAMS 0x00000006c8ffffe0 NTAMS 0x00000006c8ffffe0 space 16384K,  99% used [0x00000006c8000000, 0x00000006c8ffffe0, 0x00000006c9000000)
            TS     0 PTAMS 0x00000006ca000000 NTAMS 0x00000006ca000000 space 16384K, 100% used [0x00000006c9000000, 0x00000006ca000000, 0x00000006ca000000)
            TS     0 PTAMS 0x00000006cafffff8 NTAMS 0x00000006cafffff8 space 16384K,  99% used [0x00000006ca000000, 0x00000006cafffff8, 0x00000006cb000000)
            TS     0 PTAMS 0x00000006cbffffe8 NTAMS 0x00000006cbffffe8 space 16384K,  99% used [0x00000006cb000000, 0x00000006cbffffe8, 0x00000006cc000000)
            TS     0 PTAMS 0x00000006ccffffe8 NTAMS 0x00000006ccffffe8 space 16384K,  99% used [0x00000006cc000000, 0x00000006ccffffe8, 0x00000006cd000000)
            TS     0 PTAMS 0x00000006cdffffe8 NTAMS 0x00000006cdffffe8 space 16384K,  99% used [0x00000006cd000000, 0x00000006cdffffe8, 0x00000006ce000000)
            TS     0 PTAMS 0x00000006cea3a658 NTAMS 0x00000006cea3a658 space 16384K,  63% used [0x00000006ce000000, 0x00000006cea3a658, 0x00000006cf000000)
            TS    33 PTAMS 0x00000006cf000000 NTAMS 0x00000006cf000000 space 16384K, 100% used [0x00000006cf000000, 0x00000006d0000000, 0x00000006d0000000)
            TS    35 PTAMS 0x00000006d0000000 NTAMS 0x00000006d0000000 space 16384K, 100% used [0x00000006d0000000, 0x00000006d1000000, 0x00000006d1000000)
            TS    59 PTAMS 0x00000006d1000000 NTAMS 0x00000006d1000000 space 16384K, 100% used [0x00000006d1000000, 0x00000006d2000000, 0x00000006d2000000)
            TS   109 PTAMS 0x00000006d2000000 NTAMS 0x00000006d2000000 space 16384K, 100% used [0x00000006d2000000, 0x00000006d3000000, 0x00000006d3000000)
            TS     0 PTAMS 0x00000006d4000000 NTAMS 0x00000006d4000000 space 16384K, 100% used [0x00000006d3000000, 0x00000006d4000000, 0x00000006d4000000)
            TS    29 PTAMS 0x00000006d4577858 NTAMS 0x00000006d4577858 space 16384K, 100% used [0x00000006d4000000, 0x00000006d5000000, 0x00000006d5000000)
 HS         TS     0 PTAMS 0x00000006d5000000 NTAMS 0x00000006d5000000 space 32768K,  50% used [0x00000006d5000000, 0x00000006d6000010, 0x00000006d7000000)
 HC         TS     0 PTAMS 0x00000006d6000000 NTAMS 0x00000006d6000000 space 16384K,   0% used [0x00000006d6000000, 0x00000006d6000010, 0x00000006d7000000)
 HS         TS     0 PTAMS 0x00000006d7000000 NTAMS 0x00000006d7000000 space 32768K,  50% used [0x00000006d7000000, 0x00000006d8000010, 0x00000006d9000000)
 HC         TS     0 PTAMS 0x00000006d8000000 NTAMS 0x00000006d8000000 space 16384K,   0% used [0x00000006d8000000, 0x00000006d8000010, 0x00000006d9000000)
 HS         TS     0 PTAMS 0x00000006d9000000 NTAMS 0x00000006d9000000 space 32768K,  50% used [0x00000006d9000000, 0x00000006da000010, 0x00000006db000000)
 HC         TS     0 PTAMS 0x00000006da000000 NTAMS 0x00000006da000000 space 16384K,   0% used [0x00000006da000000, 0x00000006da000010, 0x00000006db000000)
 HS         TS     0 PTAMS 0x00000006db000000 NTAMS 0x00000006db000000 space 32768K,  50% used [0x00000006db000000, 0x00000006dc000010, 0x00000006dd000000)
 HC         TS     0 PTAMS 0x00000006dc000000 NTAMS 0x00000006dc000000 space 16384K,   0% used [0x00000006dc000000, 0x00000006dc000010, 0x00000006dd000000)
            TS   333 PTAMS 0x00000006dd000000 NTAMS 0x00000006dd000000 space 16384K, 100% used [0x00000006dd000000, 0x00000006de000000, 0x00000006de000000)
            TS   435 PTAMS 0x00000006de000000 NTAMS 0x00000006de000000 space 16384K,  56% used [0x00000006de000000, 0x00000006de90a800, 0x00000006df000000)
          F TS     3 PTAMS 0x00000006df000000 NTAMS 0x00000006df000000 space 16384K,   0% used [0x00000006df000000, 0x00000006df000000, 0x00000006e0000000)
 HS         TS     1 PTAMS 0x00000006e0000000 NTAMS 0x00000006e0000000 space 32768K,  50% used [0x00000006e0000000, 0x00000006e1000010, 0x00000006e2000000)
 HC         TS     1 PTAMS 0x00000006e1000000 NTAMS 0x00000006e1000000 space 16384K,   0% used [0x00000006e1000000, 0x00000006e1000010, 0x00000006e2000000)
 HS         TS     1 PTAMS 0x00000006e2000000 NTAMS 0x00000006e2000000 space 32768K,  50% used [0x00000006e2000000, 0x00000006e3000010, 0x00000006e4000000)
 HC         TS     1 PTAMS 0x00000006e3000000 NTAMS 0x00000006e3000000 space 16384K,   0% used [0x00000006e3000000, 0x00000006e3000010, 0x00000006e4000000)
 HS         TS     1 PTAMS 0x00000006e4000000 NTAMS 0x00000006e4000000 space 32768K,  50% used [0x00000006e4000000, 0x00000006e5000010, 0x00000006e6000000)
 HC         TS     1 PTAMS 0x00000006e5000000 NTAMS 0x00000006e5000000 space 16384K,   0% used [0x00000006e5000000, 0x00000006e5000010, 0x00000006e6000000)
 HS         TS     1 PTAMS 0x00000006e6000000 NTAMS 0x00000006e6000000 space 32768K,  50% used [0x00000006e6000000, 0x00000006e7000010, 0x00000006e8000000)
 HC         TS     1 PTAMS 0x00000006e7000000 NTAMS 0x00000006e7000000 space 16384K,   0% used [0x00000006e7000000, 0x00000006e7000010, 0x00000006e8000000)
 HS         TS     1 PTAMS 0x00000006e8000000 NTAMS 0x00000006e8000000 space 32768K,  50% used [0x00000006e8000000, 0x00000006e9000010, 0x00000006ea000000)
 HC         TS     0 PTAMS 0x00000006e9000000 NTAMS 0x00000006e9000000 space 16384K,   0% used [0x00000006e9000000, 0x00000006e9000010, 0x00000006ea000000)
 HS         TS     0 PTAMS 0x00000006ea000000 NTAMS 0x00000006ea000000 space 32768K,  50% used [0x00000006ea000000, 0x00000006eb000010, 0x00000006ec000000)
 HC         TS     0 PTAMS 0x00000006eb000000 NTAMS 0x00000006eb000000 space 16384K,   0% used [0x00000006eb000000, 0x00000006eb000010, 0x00000006ec000000)
 HS         TS     5 PTAMS 0x00000006ec000000 NTAMS 0x00000006ec000000 space 32768K,  50% used [0x00000006ec000000, 0x00000006ed000010, 0x00000006ee000000)
 HC         TS     5 PTAMS 0x00000006ed000000 NTAMS 0x00000006ed000000 space 16384K,   0% used [0x00000006ed000000, 0x00000006ed000010, 0x00000006ee000000)
 HS         TS     5 PTAMS 0x00000006ee000000 NTAMS 0x00000006ee000000 space 32768K,  50% used [0x00000006ee000000, 0x00000006ef000010, 0x00000006f0000000)
 HC         TS     5 PTAMS 0x00000006ef000000 NTAMS 0x00000006ef000000 space 16384K,   0% used [0x00000006ef000000, 0x00000006ef000010, 0x00000006f0000000)
 HS         TS     3 PTAMS 0x00000006f0000000 NTAMS 0x00000006f0000000 space 32768K,  50% used [0x00000006f0000000, 0x00000006f1000010, 0x00000006f2000000)
 HC         TS     3 PTAMS 0x00000006f1000000 NTAMS 0x00000006f1000000 space 16384K,   0% used [0x00000006f1000000, 0x00000006f1000010, 0x00000006f2000000)
 HS         TS     3 PTAMS 0x00000006f2000000 NTAMS 0x00000006f2000000 space 32768K,  50% used [0x00000006f2000000, 0x00000006f3000010, 0x00000006f4000000)
 HC         TS     3 PTAMS 0x00000006f3000000 NTAMS 0x00000006f3000000 space 16384K,   0% used [0x00000006f3000000, 0x00000006f3000010, 0x00000006f4000000)
 HS         TS     3 PTAMS 0x00000006f4000000 NTAMS 0x00000006f4000000 space 32768K,  50% used [0x00000006f4000000, 0x00000006f5000010, 0x00000006f6000000)
 HC         TS     3 PTAMS 0x00000006f5000000 NTAMS 0x00000006f5000000 space 16384K,   0% used [0x00000006f5000000, 0x00000006f5000010, 0x00000006f6000000)
 HS         TS     3 PTAMS 0x00000006f6000000 NTAMS 0x00000006f6000000 space 32768K,  50% used [0x00000006f6000000, 0x00000006f7000010, 0x00000006f8000000)
 HC         TS     3 PTAMS 0x00000006f7000000 NTAMS 0x00000006f7000000 space 16384K,   0% used [0x00000006f7000000, 0x00000006f7000010, 0x00000006f8000000)
 HS         TS     3 PTAMS 0x00000006f8000000 NTAMS 0x00000006f8000000 space 32768K,  50% used [0x00000006f8000000, 0x00000006f9000010, 0x00000006fa000000)
 HC         TS     3 PTAMS 0x00000006f9000000 NTAMS 0x00000006f9000000 space 16384K,   0% used [0x00000006f9000000, 0x00000006f9000010, 0x00000006fa000000)
 HS         TS     3 PTAMS 0x00000006fa000000 NTAMS 0x00000006fa000000 space 32768K,  50% used [0x00000006fa000000, 0x00000006fb000010, 0x00000006fc000000)
 HC         TS     3 PTAMS 0x00000006fb000000 NTAMS 0x00000006fb000000 space 16384K,   0% used [0x00000006fb000000, 0x00000006fb000010, 0x00000006fc000000)
 HS         TS     3 PTAMS 0x00000006fc000000 NTAMS 0x00000006fc000000 space 32768K,  50% used [0x00000006fc000000, 0x00000006fd000010, 0x00000006fe000000)
 HC         TS     3 PTAMS 0x00000006fd000000 NTAMS 0x00000006fd000000 space 16384K,   0% used [0x00000006fd000000, 0x00000006fd000010, 0x00000006fe000000)
 HS         TS     7 PTAMS 0x00000006fe000000 NTAMS 0x00000006fe000000 space 32768K,  50% used [0x00000006fe000000, 0x00000006ff000010, 0x0000000700000000)
 HC         TS     7 PTAMS 0x00000006ff000000 NTAMS 0x00000006ff000000 space 16384K,   0% used [0x00000006ff000000, 0x00000006ff000010, 0x0000000700000000)
 HS         TS     7 PTAMS 0x0000000700000000 NTAMS 0x0000000700000000 space 32768K,  50% used [0x0000000700000000, 0x0000000701000010, 0x0000000702000000)
 HC         TS     7 PTAMS 0x0000000701000000 NTAMS 0x0000000701000000 space 16384K,   0% used [0x0000000701000000, 0x0000000701000010, 0x0000000702000000)
 HS         TS     7 PTAMS 0x0000000702000000 NTAMS 0x0000000702000000 space 32768K,  50% used [0x0000000702000000, 0x0000000703000010, 0x0000000704000000)
 HC         TS     5 PTAMS 0x0000000703000000 NTAMS 0x0000000703000000 space 16384K,   0% used [0x0000000703000000, 0x0000000703000010, 0x0000000704000000)
 HS         TS     5 PTAMS 0x0000000704000000 NTAMS 0x0000000704000000 space 32768K,  50% used [0x0000000704000000, 0x0000000705000010, 0x0000000706000000)
 HC         TS     5 PTAMS 0x0000000705000000 NTAMS 0x0000000705000000 space 16384K,   0% used [0x0000000705000000, 0x0000000705000010, 0x0000000706000000)
 HS         TS     9 PTAMS 0x0000000706000000 NTAMS 0x0000000706000000 space 32768K,  50% used [0x0000000706000000, 0x0000000707000010, 0x0000000708000000)
 HC         TS     9 PTAMS 0x0000000707000000 NTAMS 0x0000000707000000 space 16384K,   0% used [0x0000000707000000, 0x0000000707000010, 0x0000000708000000)
 HS         TS     9 PTAMS 0x0000000708000000 NTAMS 0x0000000708000000 space 32768K,  50% used [0x0000000708000000, 0x0000000709000010, 0x000000070a000000)
 HC         TS    13 PTAMS 0x0000000709000000 NTAMS 0x0000000709000000 space 16384K,   0% used [0x0000000709000000, 0x0000000709000010, 0x000000070a000000)
 HS         TS    13 PTAMS 0x000000070a000000 NTAMS 0x000000070a000000 space 32768K,  50% used [0x000000070a000000, 0x000000070b000010, 0x000000070c000000)
 HC         TS    13 PTAMS 0x000000070b000000 NTAMS 0x000000070b000000 space 16384K,   0% used [0x000000070b000000, 0x000000070b000010, 0x000000070c000000)
          F TS    17 PTAMS 0x000000070c000000 NTAMS 0x000000070c000000 space 16384K,   0% used [0x000000070c000000, 0x000000070c000000, 0x000000070d000000)
          F TS    17 PTAMS 0x000000070d000000 NTAMS 0x000000070d000000 space 16384K,   0% used [0x000000070d000000, 0x000000070d000000, 0x000000070e000000)
          F TS    15 PTAMS 0x000000070e000000 NTAMS 0x000000070e000000 space 16384K,   0% used [0x000000070e000000, 0x000000070e000000, 0x000000070f000000)
          F TS    15 PTAMS 0x000000070f000000 NTAMS 0x000000070f000000 space 16384K,   0% used [0x000000070f000000, 0x000000070f000000, 0x0000000710000000)
          F TS    15 PTAMS 0x0000000710000000 NTAMS 0x0000000710000000 space 16384K,   0% used [0x0000000710000000, 0x0000000710000000, 0x0000000711000000)
          F TS    15 PTAMS 0x0000000711000000 NTAMS 0x0000000711000000 space 16384K,   0% used [0x0000000711000000, 0x0000000711000000, 0x0000000712000000)
          F TS    15 PTAMS 0x0000000712000000 NTAMS 0x0000000712000000 space 16384K,   0% used [0x0000000712000000, 0x0000000712000000, 0x0000000713000000)
          F TS    17 PTAMS 0x0000000713000000 NTAMS 0x0000000713000000 space 16384K,   0% used [0x0000000713000000, 0x0000000713000000, 0x0000000714000000)
          F TS    17 PTAMS 0x0000000714000000 NTAMS 0x0000000714000000 space 16384K,   0% used [0x0000000714000000, 0x0000000714000000, 0x0000000715000000)
          F TS    17 PTAMS 0x0000000715000000 NTAMS 0x0000000715000000 space 16384K,   0% used [0x0000000715000000, 0x0000000715000000, 0x0000000716000000)
          F TS    17 PTAMS 0x0000000716000000 NTAMS 0x0000000716000000 space 16384K,   0% used [0x0000000716000000, 0x0000000716000000, 0x0000000717000000)
          F TS    15 PTAMS 0x0000000717000000 NTAMS 0x0000000717000000 space 16384K,   0% used [0x0000000717000000, 0x0000000717000000, 0x0000000718000000)
          F TS    21 PTAMS 0x0000000718000000 NTAMS 0x0000000718000000 space 16384K,   0% used [0x0000000718000000, 0x0000000718000000, 0x0000000719000000)
          F TS    29 PTAMS 0x0000000719000000 NTAMS 0x0000000719000000 space 16384K,   0% used [0x0000000719000000, 0x0000000719000000, 0x000000071a000000)
          F TS    33 PTAMS 0x000000071a000000 NTAMS 0x000000071a000000 space 16384K,   0% used [0x000000071a000000, 0x000000071a000000, 0x000000071b000000)
          F TS    33 PTAMS 0x000000071b000000 NTAMS 0x000000071b000000 space 16384K,   0% used [0x000000071b000000, 0x000000071b000000, 0x000000071c000000)
          F TS    37 PTAMS 0x000000071c000000 NTAMS 0x000000071c000000 space 16384K,   0% used [0x000000071c000000, 0x000000071c000000, 0x000000071d000000)
          F TS    49 PTAMS 0x000000071d000000 NTAMS 0x000000071d000000 space 16384K,   0% used [0x000000071d000000, 0x000000071d000000, 0x000000071e000000)
          F TS    57 PTAMS 0x000000071e000000 NTAMS 0x000000071e000000 space 16384K,   0% used [0x000000071e000000, 0x000000071e000000, 0x000000071f000000)
          F TS    59 PTAMS 0x000000071f000000 NTAMS 0x000000071f000000 space 16384K,   0% used [0x000000071f000000, 0x000000071f000000, 0x0000000720000000)
          F TS    57 PTAMS 0x0000000720000000 NTAMS 0x0000000720000000 space 16384K,   0% used [0x0000000720000000, 0x0000000720000000, 0x0000000721000000)
          F TS    81 PTAMS 0x0000000721000000 NTAMS 0x0000000721000000 space 16384K,   0% used [0x0000000721000000, 0x0000000721000000, 0x0000000722000000)
          F TS    99 PTAMS 0x0000000722000000 NTAMS 0x0000000722000000 space 16384K,   0% used [0x0000000722000000, 0x0000000722000000, 0x0000000723000000)
          F TS   109 PTAMS 0x0000000723000000 NTAMS 0x0000000723000000 space 16384K,   0% used [0x0000000723000000, 0x0000000723000000, 0x0000000724000000)
          F TS   125 PTAMS 0x0000000724000000 NTAMS 0x0000000724000000 space 16384K,   0% used [0x0000000724000000, 0x0000000724000000, 0x0000000725000000)
          F TS   127 PTAMS 0x0000000725000000 NTAMS 0x0000000725000000 space 16384K,   0% used [0x0000000725000000, 0x0000000725000000, 0x0000000726000000)
          F TS   131 PTAMS 0x0000000726000000 NTAMS 0x0000000726000000 space 16384K,   0% used [0x0000000726000000, 0x0000000726000000, 0x0000000727000000)
          F TS   133 PTAMS 0x0000000727000000 NTAMS 0x0000000727000000 space 16384K,   0% used [0x0000000727000000, 0x0000000727000000, 0x0000000728000000)
          F TS   193 PTAMS 0x0000000728000000 NTAMS 0x0000000728000000 space 16384K,   0% used [0x0000000728000000, 0x0000000728000000, 0x0000000729000000)
          F TS   191 PTAMS 0x0000000729000000 NTAMS 0x0000000729000000 space 16384K,   0% used [0x0000000729000000, 0x0000000729000000, 0x000000072a000000)
          F TS   213 PTAMS 0x000000072a000000 NTAMS 0x000000072a000000 space 16384K,   0% used [0x000000072a000000, 0x000000072a000000, 0x000000072b000000)
          F TS   329 PTAMS 0x000000072b000000 NTAMS 0x000000072b000000 space 16384K,   0% used [0x000000072b000000, 0x000000072b000000, 0x000000072c000000)
          F TS   411 PTAMS 0x000000072c000000 NTAMS 0x000000072c000000 space 16384K,   0% used [0x000000072c000000, 0x000000072c000000, 0x000000072d000000)
    CS SU   TS   435 PTAMS 0x000000072d000000 NTAMS 0x000000072d000000 space 16384K,  81% used [0x000000072d000000, 0x000000072dd14f80, 0x000000072e000000)
          F TS   435 PTAMS 0x000000072e000000 NTAMS 0x000000072e000000 space 16384K,   0% used [0x000000072e000000, 0x000000072e000000, 0x000000072f000000)
          F TS   435 PTAMS 0x000000072f000000 NTAMS 0x000000072f000000 space 16384K,   0% used [0x000000072f000000, 0x000000072f000000, 0x0000000730000000)
          F TS   435 PTAMS 0x0000000730000000 NTAMS 0x0000000730000000 space 16384K,   0% used [0x0000000730000000, 0x0000000730000000, 0x0000000731000000)
          F TS   435 PTAMS 0x0000000731000000 NTAMS 0x0000000731000000 space 16384K,   0% used [0x0000000731000000, 0x0000000731000000, 0x0000000732000000)
          F TS   435 PTAMS 0x0000000732000000 NTAMS 0x0000000732000000 space 16384K,   0% used [0x0000000732000000, 0x0000000732000000, 0x0000000733000000)
          F TS   435 PTAMS 0x0000000733000000 NTAMS 0x0000000733000000 space 16384K,   0% used [0x0000000733000000, 0x0000000733000000, 0x0000000734000000)
          F TS   435 PTAMS 0x0000000734000000 NTAMS 0x0000000734000000 space 16384K,   0% used [0x0000000734000000, 0x0000000734000000, 0x0000000735000000)
          F TS   435 PTAMS 0x0000000735000000 NTAMS 0x0000000735000000 space 16384K,   0% used [0x0000000735000000, 0x0000000735000000, 0x0000000736000000)
          F TS   435 PTAMS 0x0000000736000000 NTAMS 0x0000000736000000 space 16384K,   0% used [0x0000000736000000, 0x0000000736000000, 0x0000000737000000)
          F TS   435 PTAMS 0x0000000737000000 NTAMS 0x0000000737000000 space 16384K,   0% used [0x0000000737000000, 0x0000000737000000, 0x0000000738000000)
          F TS   435 PTAMS 0x0000000738000000 NTAMS 0x0000000738000000 space 16384K,   0% used [0x0000000738000000, 0x0000000738000000, 0x0000000739000000)
          F TS   435 PTAMS 0x0000000739000000 NTAMS 0x0000000739000000 space 16384K,   0% used [0x0000000739000000, 0x0000000739000000, 0x000000073a000000)
          F TS   435 PTAMS 0x000000073a000000 NTAMS 0x000000073a000000 space 16384K,   0% used [0x000000073a000000, 0x000000073a000000, 0x000000073b000000)
          F TS   435 PTAMS 0x000000073b000000 NTAMS 0x000000073b000000 space 16384K,   0% used [0x000000073b000000, 0x000000073b000000, 0x000000073c000000)
          F TS   435 PTAMS 0x000000073c000000 NTAMS 0x000000073c000000 space 16384K,   0% used [0x000000073c000000, 0x000000073c000000, 0x000000073d000000)
          F TS   435 PTAMS 0x000000073d000000 NTAMS 0x000000073d000000 space 16384K,   0% used [0x000000073d000000, 0x000000073d000000, 0x000000073e000000)
          F TS   435 PTAMS 0x000000073e000000 NTAMS 0x000000073e000000 space 16384K,   0% used [0x000000073e000000, 0x000000073e000000, 0x000000073f000000)
          F TS   435 PTAMS 0x000000073f000000 NTAMS 0x000000073f000000 space 16384K,   0% used [0x000000073f000000, 0x000000073f000000, 0x0000000740000000)
          F TS   435 PTAMS 0x0000000740000000 NTAMS 0x0000000740000000 space 16384K,   0% used [0x0000000740000000, 0x0000000740000000, 0x0000000741000000)
          F TS   435 PTAMS 0x0000000741000000 NTAMS 0x0000000741000000 space 16384K,   0% used [0x0000000741000000, 0x0000000741000000, 0x0000000742000000)
          F TS   435 PTAMS 0x0000000742000000 NTAMS 0x0000000742000000 space 16384K,   0% used [0x0000000742000000, 0x0000000742000000, 0x0000000743000000)
          F TS   435 PTAMS 0x0000000743000000 NTAMS 0x0000000743000000 space 16384K,   0% used [0x0000000743000000, 0x0000000743000000, 0x0000000744000000)
          F TS   435 PTAMS 0x0000000744000000 NTAMS 0x0000000744000000 space 16384K,   0% used [0x0000000744000000, 0x0000000744000000, 0x0000000745000000)
          F TS   435 PTAMS 0x0000000745000000 NTAMS 0x0000000745000000 space 16384K,   0% used [0x0000000745000000, 0x0000000745000000, 0x0000000746000000)
          F TS   435 PTAMS 0x0000000746000000 NTAMS 0x0000000746000000 space 16384K,   0% used [0x0000000746000000, 0x0000000746000000, 0x0000000747000000)
          F TS   435 PTAMS 0x0000000747000000 NTAMS 0x0000000747000000 space 16384K,   0% used [0x0000000747000000, 0x0000000747000000, 0x0000000748000000)
          F TS   435 PTAMS 0x0000000748000000 NTAMS 0x0000000748000000 space 16384K,   0% used [0x0000000748000000, 0x0000000748000000, 0x0000000749000000)
          F TS   435 PTAMS 0x0000000749000000 NTAMS 0x0000000749000000 space 16384K,   0% used [0x0000000749000000, 0x0000000749000000, 0x000000074a000000)
          F TS   435 PTAMS 0x000000074a000000 NTAMS 0x000000074a000000 space 16384K,   0% used [0x000000074a000000, 0x000000074a000000, 0x000000074b000000)
          F TS   435 PTAMS 0x000000074b000000 NTAMS 0x000000074b000000 space 16384K,   0% used [0x000000074b000000, 0x000000074b000000, 0x000000074c000000)
          F TS   435 PTAMS 0x000000074c000000 NTAMS 0x000000074c000000 space 16384K,   0% used [0x000000074c000000, 0x000000074c000000, 0x000000074d000000)
          F TS   435 PTAMS 0x000000074d000000 NTAMS 0x000000074d000000 space 16384K,   0% used [0x000000074d000000, 0x000000074d000000, 0x000000074e000000)
          F TS   435 PTAMS 0x000000074e000000 NTAMS 0x000000074e000000 space 16384K,   0% used [0x000000074e000000, 0x000000074e000000, 0x000000074f000000)
          F TS   435 PTAMS 0x000000074f000000 NTAMS 0x000000074f000000 space 16384K,   0% used [0x000000074f000000, 0x000000074f000000, 0x0000000750000000)
       Y    TS   435 PTAMS 0x0000000750000000 NTAMS 0x0000000750000000 space 16384K,  55% used [0x0000000750000000, 0x00000007508f44a8, 0x0000000751000000)
    CS Y    TS   435 PTAMS 0x0000000751000000 NTAMS 0x0000000751000000 space 16384K, 100% used [0x0000000751000000, 0x0000000752000000, 0x0000000752000000)
    CS Y    TS   435 PTAMS 0x0000000752000000 NTAMS 0x0000000752000000 space 16384K, 100% used [0x0000000752000000, 0x0000000753000000, 0x0000000753000000)
    CS Y    TS   435 PTAMS 0x0000000753000000 NTAMS 0x0000000753000000 space 16384K, 100% used [0x0000000753000000, 0x0000000754000000, 0x0000000754000000)
    CS Y    TS   435 PTAMS 0x0000000754000000 NTAMS 0x0000000754000000 space 16384K, 100% used [0x0000000754000000, 0x0000000755000000, 0x0000000755000000)
    CS Y    TS   435 PTAMS 0x0000000755000000 NTAMS 0x0000000755000000 space 16384K, 100% used [0x0000000755000000, 0x0000000756000000, 0x0000000756000000)
    CS Y    TS   435 PTAMS 0x0000000756000000 NTAMS 0x0000000756000000 space 16384K, 100% used [0x0000000756000000, 0x0000000757000000, 0x0000000757000000)
    CS Y    TS   435 PTAMS 0x0000000757000000 NTAMS 0x0000000757000000 space 16384K, 100% used [0x0000000757000000, 0x0000000758000000, 0x0000000758000000)
    CS Y    TS   435 PTAMS 0x0000000758000000 NTAMS 0x0000000758000000 space 16384K, 100% used [0x0000000758000000, 0x0000000759000000, 0x0000000759000000)
    CS Y    TS   435 PTAMS 0x0000000759000000 NTAMS 0x0000000759000000 space 16384K, 100% used [0x0000000759000000, 0x000000075a000000, 0x000000075a000000)
    CS Y    TS   435 PTAMS 0x000000075a000000 NTAMS 0x000000075a000000 space 16384K, 100% used [0x000000075a000000, 0x000000075b000000, 0x000000075b000000)
    CS Y    TS   435 PTAMS 0x000000075b000000 NTAMS 0x000000075b000000 space 16384K, 100% used [0x000000075b000000, 0x000000075c000000, 0x000000075c000000)
    CS Y    TS   435 PTAMS 0x000000075c000000 NTAMS 0x000000075c000000 space 16384K, 100% used [0x000000075c000000, 0x000000075d000000, 0x000000075d000000)
    CS Y    TS   435 PTAMS 0x000000075d000000 NTAMS 0x000000075d000000 space 16384K, 100% used [0x000000075d000000, 0x000000075e000000, 0x000000075e000000)
    CS Y    TS   435 PTAMS 0x000000075e000000 NTAMS 0x000000075e000000 space 16384K, 100% used [0x000000075e000000, 0x000000075f000000, 0x000000075f000000)
    CS Y    TS   435 PTAMS 0x000000075f000000 NTAMS 0x000000075f000000 space 16384K, 100% used [0x000000075f000000, 0x0000000760000000, 0x0000000760000000)
    CS Y    TS   435 PTAMS 0x0000000760000000 NTAMS 0x0000000760000000 space 16384K, 100% used [0x0000000760000000, 0x0000000761000000, 0x0000000761000000)
    CS Y    TS   435 PTAMS 0x0000000761000000 NTAMS 0x0000000761000000 space 16384K, 100% used [0x0000000761000000, 0x0000000762000000, 0x0000000762000000)
    CS Y    TS   435 PTAMS 0x0000000762000000 NTAMS 0x0000000762000000 space 16384K, 100% used [0x0000000762000000, 0x0000000763000000, 0x0000000763000000)
    CS Y    TS   435 PTAMS 0x0000000763000000 NTAMS 0x0000000763000000 space 16384K, 100% used [0x0000000763000000, 0x0000000764000000, 0x0000000764000000)
    CS Y    TS   435 PTAMS 0x0000000764000000 NTAMS 0x0000000764000000 space 16384K, 100% used [0x0000000764000000, 0x0000000765000000, 0x0000000765000000)
    CS Y    TS   435 PTAMS 0x0000000765000000 NTAMS 0x0000000765000000 space 16384K, 100% used [0x0000000765000000, 0x0000000766000000, 0x0000000766000000)
    CS Y    TS   435 PTAMS 0x0000000766000000 NTAMS 0x0000000766000000 space 16384K, 100% used [0x0000000766000000, 0x0000000767000000, 0x0000000767000000)
    CS Y    TS   435 PTAMS 0x0000000767000000 NTAMS 0x0000000767000000 space 16384K, 100% used [0x0000000767000000, 0x0000000768000000, 0x0000000768000000)
GC Heap History (10 events):
Event: 773.465 GC heap before
{Heap before GC invocations=295 (full 5):
 garbage-first heap   total 2752512K, used 1726272K [0x00000006c0000000, 0x0000000768000000, 0x00000007c0000000)
  region size 16384K, 58 young (950272K), 1 survivors (16384K)
 Metaspace       used 54274K, capacity 54845K, committed 55256K, reserved 1097728K
  class space    used 6493K, capacity 6637K, committed 6656K, reserved 1048576K
Event: 773.472 GC heap after
Heap after GC invocations=296 (full 5):
 garbage-first heap   total 2752512K, used 792887K [0x00000006c0000000, 0x0000000768000000, 0x00000007c0000000)
  region size 16384K, 1 young (16384K), 1 survivors (16384K)
 Metaspace       used 54274K, capacity 54845K, committed 55256K, reserved 1097728K
  class space    used 6493K, capacity 6637K, committed 6656K, reserved 1048576K
}
Event: 776.096 GC heap before
{Heap before GC invocations=296 (full 5):
 garbage-first heap   total 2752512K, used 1726775K [0x00000006c0000000, 0x0000000768000000, 0x00000007c0000000)
  region size 16384K, 58 young (950272K), 1 survivors (16384K)
 Metaspace       used 54274K, capacity 54845K, committed 55256K, reserved 1097728K
  class space    used 6493K, capacity 6637K, committed 6656K, reserved 1048576K
Event: 776.106 GC heap after
Heap after GC invocations=297 (full 5):
 garbage-first heap   total 2752512K, used 797487K [0x00000006c0000000, 0x0000000768000000, 0x00000007c0000000)
  region size 16384K, 1 young (16384K), 1 survivors (16384K)
 Metaspace       used 54274K, capacity 54845K, committed 55256K, reserved 1097728K
  class space    used 6493K, capacity 6637K, committed 6656K, reserved 1048576K
}
Event: 779.008 GC heap before
{Heap before GC invocations=297 (full 5):
 garbage-first heap   total 2752512K, used 1731375K [0x00000006c0000000, 0x0000000768000000, 0x00000007c0000000)
  region size 16384K, 58 young (950272K), 1 survivors (16384K)
 Metaspace       used 54274K, capacity 54845K, committed 55256K, reserved 1097728K
  class space    used 6493K, capacity 6637K, committed 6656K, reserved 1048576K
Event: 779.016 GC heap after
Heap after GC invocations=298 (full 5):
 garbage-first heap   total 2752512K, used 798283K [0x00000006c0000000, 0x0000000768000000, 0x00000007c0000000)
  region size 16384K, 1 young (16384K), 1 survivors (16384K)
 Metaspace       used 54274K, capacity 54845K, committed 55256K, reserved 1097728K
  class space    used 6493K, capacity 6637K, committed 6656K, reserved 1048576K
}
Event: 781.962 GC heap before
{Heap before GC invocations=298 (full 5):
 garbage-first heap   total 2752512K, used 1732171K [0x00000006c0000000, 0x0000000768000000, 0x00000007c0000000)
  region size 16384K, 58 young (950272K), 1 survivors (16384K)
 Metaspace       used 54282K, capacity 54909K, committed 55256K, reserved 1097728K
  class space    used 6493K, capacity 6637K, committed 6656K, reserved 1048576K
Event: 781.969 GC heap after
Heap after GC invocations=299 (full 5):
 garbage-first heap   total 2752512K, used 793846K [0x00000006c0000000, 0x0000000768000000, 0x00000007c0000000)
  region size 16384K, 1 young (16384K), 1 survivors (16384K)
 Metaspace       used 54282K, capacity 54909K, committed 55256K, reserved 1097728K
  class space    used 6493K, capacity 6637K, committed 6656K, reserved 1048576K
}
Event: 784.711 GC heap before
{Heap before GC invocations=299 (full 5):
 garbage-first heap   total 2752512K, used 1727734K [0x00000006c0000000, 0x0000000768000000, 0x00000007c0000000)
  region size 16384K, 58 young (950272K), 1 survivors (16384K)
 Metaspace       used 54284K, capacity 54909K, committed 55256K, reserved 1097728K
  class space    used 6493K, capacity 6637K, committed 6656K, reserved 1048576K
Event: 784.723 GC heap after
Heap after GC invocations=300 (full 5):
 garbage-first heap   total 2752512K, used 797026K [0x00000006c0000000, 0x0000000768000000, 0x00000007c0000000)
  region size 16384K, 1 young (16384K), 1 survivors (16384K)
 Metaspace       used 54284K, capacity 54909K, committed 55256K, reserved 1097728K
  class space    used 6493K, capacity 6637K, committed 6656K, reserved 1048576K
}

