# JRE version: Java(TM) SE Runtime Environment (8.0_25-b18) (build 1.8.0_25-b18)
# Java VM: Java HotSpot(TM) 64-Bit Server VM (25.25-b02 mixed mode windows-amd64 compressed oops)
Heap:
 garbage-first heap   total 2375680K, used 1294157K [0x00000006c0000000, 0x0000000751000000, 0x00000007c0000000)
  region size 16384K, 40 young (655360K), 1 survivors (16384K)
 Metaspace       used 52128K, capacity 52743K, committed 53080K, reserved 1095680K
  class space    used 6324K, capacity 6484K, committed 6528K, reserved 1048576K
Heap Regions: (Y=young(eden), SU=young(survivor), HS=humongous(starts), HC=humongous(continues), CS=collection set, F=free, TS=gc time stamp, PTAMS=previous top-at-mark-start, NTAMS=next top-at-mark-start)
            TS     0 PTAMS 0x00000006c1000000 NTAMS 0x00000006c1000000 space 16384K, 100% used [0x00000006c0000000, 0x00000006c1000000, 0x00000006c1000000)
            TS     0 PTAMS 0x00000006c1fffd90 NTAMS 0x00000006c1fffd90 space 16384K,  99% used [0x00000006c1000000, 0x00000006c1fffd90, 0x00000006c2000000)
            TS     0 PTAMS 0x00000006c2fffd18 NTAMS 0x00000006c2fffd18 space 16384K,  99% used [0x00000006c2000000, 0x00000006c2fffd18, 0x00000006c3000000)
            TS     0 PTAMS 0x00000006c3fffdd0 NTAMS 0x00000006c3fffdd0 space 16384K,  99% used [0x00000006c3000000, 0x00000006c3fffdd0, 0x00000006c4000000)
            TS     0 PTAMS 0x00000006c5000000 NTAMS 0x00000006c5000000 space 16384K, 100% used [0x00000006c4000000, 0x00000006c5000000, 0x00000006c5000000)
            TS     0 PTAMS 0x00000006c5fffff8 NTAMS 0x00000006c5fffff8 space 16384K,  99% used [0x00000006c5000000, 0x00000006c5fffff8, 0x00000006c6000000)
 HS         TS     0 PTAMS 0x00000006c6a00010 NTAMS 0x00000006c6a00010 space 16384K,  62% used [0x00000006c6000000, 0x00000006c6a00010, 0x00000006c7000000)
            TS     0 PTAMS 0x00000006c7fffff0 NTAMS 0x00000006c7fffff0 space 16384K,  99% used [0x00000006c7000000, 0x00000006c7fffff0, 0x00000006c8000000)
            TS     0 PTAMS 0x00000006c9000000 NTAMS 0x00000006c9000000 space 16384K, 100% used [0x00000006c8000000, 0x00000006c9000000, 0x00000006c9000000)
            TS     0 PTAMS 0x00000006c9ffffe0 NTAMS 0x00000006c9ffffe0 space 16384K,  99% used [0x00000006c9000000, 0x00000006c9ffffe0, 0x00000006ca000000)
            TS     0 PTAMS 0x00000006caffffd8 NTAMS 0x00000006caffffd8 space 16384K,  99% used [0x00000006ca000000, 0x00000006caffffd8, 0x00000006cb000000)
            TS     0 PTAMS 0x00000006cbfffff8 NTAMS 0x00000006cbfffff8 space 16384K,  99% used [0x00000006cb000000, 0x00000006cbfffff8, 0x00000006cc000000)
            TS     0 PTAMS 0x00000006ccfffdc0 NTAMS 0x00000006ccfffdc0 space 16384K,  99% used [0x00000006cc000000, 0x00000006ccfffdc0, 0x00000006cd000000)
            TS     0 PTAMS 0x00000006cdfffff8 NTAMS 0x00000006cdfffff8 space 16384K,  99% used [0x00000006cd000000, 0x00000006cdfffff8, 0x00000006ce000000)
            TS     1 PTAMS 0x00000006ce000000 NTAMS 0x00000006ce000000 space 16384K, 100% used [0x00000006ce000000, 0x00000006cf000000, 0x00000006cf000000)
            TS     5 PTAMS 0x00000006cf000000 NTAMS 0x00000006cf000000 space 16384K, 100% used [0x00000006cf000000, 0x00000006d0000000, 0x00000006d0000000)
            TS    17 PTAMS 0x00000006d0000000 NTAMS 0x00000006d0000000 space 16384K, 100% used [0x00000006d0000000, 0x00000006d1000000, 0x00000006d1000000)
            TS    29 PTAMS 0x00000006d1000000 NTAMS 0x00000006d1000000 space 16384K, 100% used [0x00000006d1000000, 0x00000006d2000000, 0x00000006d2000000)
            TS    29 PTAMS 0x00000006d2000000 NTAMS 0x00000006d2000000 space 16384K, 100% used [0x00000006d2000000, 0x00000006d3000000, 0x00000006d3000000)
            TS    53 PTAMS 0x00000006d3000000 NTAMS 0x00000006d3000000 space 16384K, 100% used [0x00000006d3000000, 0x00000006d4000000, 0x00000006d4000000)
            TS    57 PTAMS 0x00000006d4000000 NTAMS 0x00000006d4000000 space 16384K, 100% used [0x00000006d4000000, 0x00000006d5000000, 0x00000006d5000000)
            TS   123 PTAMS 0x00000006d5000000 NTAMS 0x00000006d5000000 space 16384K, 100% used [0x00000006d5000000, 0x00000006d6000000, 0x00000006d6000000)
            TS   157 PTAMS 0x00000006d6000000 NTAMS 0x00000006d6000000 space 16384K,  13% used [0x00000006d6000000, 0x00000006d622ff90, 0x00000006d7000000)
          F TS     0 PTAMS 0x00000006d7000000 NTAMS 0x00000006d7000000 space 16384K,   0% used [0x00000006d7000000, 0x00000006d7000000, 0x00000006d8000000)
          F TS     0 PTAMS 0x00000006d8000000 NTAMS 0x00000006d8000000 space 16384K,   0% used [0x00000006d8000000, 0x00000006d8000000, 0x00000006d9000000)
          F TS     0 PTAMS 0x00000006d9000000 NTAMS 0x00000006d9000000 space 16384K,   0% used [0x00000006d9000000, 0x00000006d9000000, 0x00000006da000000)
          F TS     0 PTAMS 0x00000006da000000 NTAMS 0x00000006da000000 space 16384K,   0% used [0x00000006da000000, 0x00000006da000000, 0x00000006db000000)
          F TS     0 PTAMS 0x00000006db000000 NTAMS 0x00000006db000000 space 16384K,   0% used [0x00000006db000000, 0x00000006db000000, 0x00000006dc000000)
          F TS     0 PTAMS 0x00000006dc000000 NTAMS 0x00000006dc000000 space 16384K,   0% used [0x00000006dc000000, 0x00000006dc000000, 0x00000006dd000000)
          F TS     0 PTAMS 0x00000006dd000000 NTAMS 0x00000006dd000000 space 16384K,   0% used [0x00000006dd000000, 0x00000006dd000000, 0x00000006de000000)
          F TS     0 PTAMS 0x00000006de000000 NTAMS 0x00000006de000000 space 16384K,   0% used [0x00000006de000000, 0x00000006de000000, 0x00000006df000000)
          F TS     0 PTAMS 0x00000006df000000 NTAMS 0x00000006df000000 space 16384K,   0% used [0x00000006df000000, 0x00000006df000000, 0x00000006e0000000)
          F TS     0 PTAMS 0x00000006e0000000 NTAMS 0x00000006e0000000 space 16384K,   0% used [0x00000006e0000000, 0x00000006e0000000, 0x00000006e1000000)
          F TS     0 PTAMS 0x00000006e1000000 NTAMS 0x00000006e1000000 space 16384K,   0% used [0x00000006e1000000, 0x00000006e1000000, 0x00000006e2000000)
          F TS     0 PTAMS 0x00000006e2000000 NTAMS 0x00000006e2000000 space 16384K,   0% used [0x00000006e2000000, 0x00000006e2000000, 0x00000006e3000000)
          F TS     0 PTAMS 0x00000006e3000000 NTAMS 0x00000006e3000000 space 16384K,   0% used [0x00000006e3000000, 0x00000006e3000000, 0x00000006e4000000)
          F TS     0 PTAMS 0x00000006e4000000 NTAMS 0x00000006e4000000 space 16384K,   0% used [0x00000006e4000000, 0x00000006e4000000, 0x00000006e5000000)
          F TS     0 PTAMS 0x00000006e5000000 NTAMS 0x00000006e5000000 space 16384K,   0% used [0x00000006e5000000, 0x00000006e5000000, 0x00000006e6000000)
          F TS     0 PTAMS 0x00000006e6000000 NTAMS 0x00000006e6000000 space 16384K,   0% used [0x00000006e6000000, 0x00000006e6000000, 0x00000006e7000000)
          F TS     0 PTAMS 0x00000006e7000000 NTAMS 0x00000006e7000000 space 16384K,   0% used [0x00000006e7000000, 0x00000006e7000000, 0x00000006e8000000)
          F TS    17 PTAMS 0x00000006e8000000 NTAMS 0x00000006e8000000 space 16384K,   0% used [0x00000006e8000000, 0x00000006e8000000, 0x00000006e9000000)
          F TS    17 PTAMS 0x00000006e9000000 NTAMS 0x00000006e9000000 space 16384K,   0% used [0x00000006e9000000, 0x00000006e9000000, 0x00000006ea000000)
          F TS    17 PTAMS 0x00000006ea000000 NTAMS 0x00000006ea000000 space 16384K,   0% used [0x00000006ea000000, 0x00000006ea000000, 0x00000006eb000000)
          F TS    15 PTAMS 0x00000006eb000000 NTAMS 0x00000006eb000000 space 16384K,   0% used [0x00000006eb000000, 0x00000006eb000000, 0x00000006ec000000)
 HS         TS     0 PTAMS 0x00000006ec000000 NTAMS 0x00000006ec000000 space 32768K,  50% used [0x00000006ec000000, 0x00000006ed000010, 0x00000006ee000000)
 HC         TS     0 PTAMS 0x00000006ed000000 NTAMS 0x00000006ed000000 space 16384K,   0% used [0x00000006ed000000, 0x00000006ed000010, 0x00000006ee000000)
 HS         TS     0 PTAMS 0x00000006ee000000 NTAMS 0x00000006ee000000 space 32768K,  50% used [0x00000006ee000000, 0x00000006ef000010, 0x00000006f0000000)
 HC         TS     0 PTAMS 0x00000006ef000000 NTAMS 0x00000006ef000000 space 16384K,   0% used [0x00000006ef000000, 0x00000006ef000010, 0x00000006f0000000)
 HS         TS     0 PTAMS 0x00000006f0000000 NTAMS 0x00000006f0000000 space 32768K,  50% used [0x00000006f0000000, 0x00000006f1000010, 0x00000006f2000000)
 HC         TS     0 PTAMS 0x00000006f1000000 NTAMS 0x00000006f1000000 space 16384K,   0% used [0x00000006f1000000, 0x00000006f1000010, 0x00000006f2000000)
 HS         TS     0 PTAMS 0x00000006f2000000 NTAMS 0x00000006f2000000 space 32768K,  50% used [0x00000006f2000000, 0x00000006f3000010, 0x00000006f4000000)
 HC         TS     0 PTAMS 0x00000006f3000000 NTAMS 0x00000006f3000000 space 16384K,   0% used [0x00000006f3000000, 0x00000006f3000010, 0x00000006f4000000)
 HS         TS     0 PTAMS 0x00000006f4000000 NTAMS 0x00000006f4000000 space 32768K,  50% used [0x00000006f4000000, 0x00000006f5000010, 0x00000006f6000000)
 HC         TS     0 PTAMS 0x00000006f5000000 NTAMS 0x00000006f5000000 space 16384K,   0% used [0x00000006f5000000, 0x00000006f5000010, 0x00000006f6000000)
 HS         TS     0 PTAMS 0x00000006f6000000 NTAMS 0x00000006f6000000 space 32768K,  50% used [0x00000006f6000000, 0x00000006f7000010, 0x00000006f8000000)
 HC         TS     0 PTAMS 0x00000006f7000000 NTAMS 0x00000006f7000000 space 16384K,   0% used [0x00000006f7000000, 0x00000006f7000010, 0x00000006f8000000)
 HS         TS     0 PTAMS 0x00000006f8000000 NTAMS 0x00000006f8000000 space 32768K,  50% used [0x00000006f8000000, 0x00000006f9000010, 0x00000006fa000000)
 HC         TS     0 PTAMS 0x00000006f9000000 NTAMS 0x00000006f9000000 space 16384K,   0% used [0x00000006f9000000, 0x00000006f9000010, 0x00000006fa000000)
 HS         TS     0 PTAMS 0x00000006fa000000 NTAMS 0x00000006fa000000 space 32768K,  50% used [0x00000006fa000000, 0x00000006fb000010, 0x00000006fc000000)
 HC         TS     0 PTAMS 0x00000006fb000000 NTAMS 0x00000006fb000000 space 16384K,   0% used [0x00000006fb000000, 0x00000006fb000010, 0x00000006fc000000)
 HS         TS     0 PTAMS 0x00000006fc000000 NTAMS 0x00000006fc000000 space 32768K,  50% used [0x00000006fc000000, 0x00000006fd000010, 0x00000006fe000000)
 HC         TS     0 PTAMS 0x00000006fd000000 NTAMS 0x00000006fd000000 space 16384K,   0% used [0x00000006fd000000, 0x00000006fd000010, 0x00000006fe000000)
 HS         TS    11 PTAMS 0x00000006fe000000 NTAMS 0x00000006fe000000 space 32768K,  50% used [0x00000006fe000000, 0x00000006ff000010, 0x0000000700000000)
 HC         TS    11 PTAMS 0x00000006ff000000 NTAMS 0x00000006ff000000 space 16384K,   0% used [0x00000006ff000000, 0x00000006ff000010, 0x0000000700000000)
          F TS    15 PTAMS 0x0000000700000000 NTAMS 0x0000000700000000 space 16384K,   0% used [0x0000000700000000, 0x0000000700000000, 0x0000000701000000)
          F TS    29 PTAMS 0x0000000701000000 NTAMS 0x0000000701000000 space 16384K,   0% used [0x0000000701000000, 0x0000000701000000, 0x0000000702000000)
          F TS    27 PTAMS 0x0000000702000000 NTAMS 0x0000000702000000 space 16384K,   0% used [0x0000000702000000, 0x0000000702000000, 0x0000000703000000)
 HS         TS    13 PTAMS 0x0000000703000000 NTAMS 0x0000000703000000 space 32768K,  50% used [0x0000000703000000, 0x0000000704000010, 0x0000000705000000)
 HC         TS    13 PTAMS 0x0000000704000000 NTAMS 0x0000000704000000 space 16384K,   0% used [0x0000000704000000, 0x0000000704000010, 0x0000000705000000)
 HS         TS    13 PTAMS 0x0000000705000000 NTAMS 0x0000000705000000 space 32768K,  50% used [0x0000000705000000, 0x0000000706000010, 0x0000000707000000)
 HC         TS    13 PTAMS 0x0000000706000000 NTAMS 0x0000000706000000 space 16384K,   0% used [0x0000000706000000, 0x0000000706000010, 0x0000000707000000)
          F TS    41 PTAMS 0x0000000707000000 NTAMS 0x0000000707000000 space 16384K,   0% used [0x0000000707000000, 0x0000000707000000, 0x0000000708000000)
          F TS    53 PTAMS 0x0000000708000000 NTAMS 0x0000000708000000 space 16384K,   0% used [0x0000000708000000, 0x0000000708000000, 0x0000000709000000)
          F TS    85 PTAMS 0x0000000709000000 NTAMS 0x0000000709000000 space 16384K,   0% used [0x0000000709000000, 0x0000000709000000, 0x000000070a000000)
 HS         TS    13 PTAMS 0x000000070a000000 NTAMS 0x000000070a000000 space 32768K,  50% used [0x000000070a000000, 0x000000070b000010, 0x000000070c000000)
 HC         TS    13 PTAMS 0x000000070b000000 NTAMS 0x000000070b000000 space 16384K,   0% used [0x000000070b000000, 0x000000070b000010, 0x000000070c000000)
 HS         TS    37 PTAMS 0x000000070c000000 NTAMS 0x000000070c000000 space 32768K,  50% used [0x000000070c000000, 0x000000070d000010, 0x000000070e000000)
 HC         TS    37 PTAMS 0x000000070d000000 NTAMS 0x000000070d000000 space 16384K,   0% used [0x000000070d000000, 0x000000070d000010, 0x000000070e000000)
 HS         TS    57 PTAMS 0x000000070e000000 NTAMS 0x000000070e000000 space 32768K,  50% used [0x000000070e000000, 0x000000070f000010, 0x0000000710000000)
 HC         TS    61 PTAMS 0x000000070f000000 NTAMS 0x000000070f000000 space 16384K,   0% used [0x000000070f000000, 0x000000070f000010, 0x0000000710000000)
          F TS   151 PTAMS 0x0000000710000000 NTAMS 0x0000000710000000 space 16384K,   0% used [0x0000000710000000, 0x0000000710000000, 0x0000000711000000)
          F TS   153 PTAMS 0x0000000711000000 NTAMS 0x0000000711000000 space 16384K,   0% used [0x0000000711000000, 0x0000000711000000, 0x0000000712000000)
 HS         TS    81 PTAMS 0x0000000712000000 NTAMS 0x0000000712000000 space 32768K,  50% used [0x0000000712000000, 0x0000000713000010, 0x0000000714000000)
 HC         TS    81 PTAMS 0x0000000713000000 NTAMS 0x0000000713000000 space 16384K,   0% used [0x0000000713000000, 0x0000000713000010, 0x0000000714000000)
          F TS   157 PTAMS 0x0000000714000000 NTAMS 0x0000000714000000 space 16384K,   0% used [0x0000000714000000, 0x0000000714000000, 0x0000000715000000)
 HS         TS   135 PTAMS 0x0000000715000000 NTAMS 0x0000000715000000 space 32768K,  50% used [0x0000000715000000, 0x0000000716000010, 0x0000000717000000)
 HC         TS   135 PTAMS 0x0000000716000000 NTAMS 0x0000000716000000 space 16384K,   0% used [0x0000000716000000, 0x0000000716000010, 0x0000000717000000)
    CS SU   TS   157 PTAMS 0x0000000717000000 NTAMS 0x0000000717000000 space 16384K,  22% used [0x0000000717000000, 0x00000007173a4000, 0x0000000718000000)
 HS         TS   147 PTAMS 0x0000000718000000 NTAMS 0x0000000718000000 space 32768K,  50% used [0x0000000718000000, 0x0000000719000010, 0x000000071a000000)
 HC         TS   147 PTAMS 0x0000000719000000 NTAMS 0x0000000719000000 space 16384K,   0% used [0x0000000719000000, 0x0000000719000010, 0x000000071a000000)
 HS         TS   149 PTAMS 0x000000071a000000 NTAMS 0x000000071a000000 space 32768K,  50% used [0x000000071a000000, 0x000000071b000010, 0x000000071c000000)
 HC         TS   149 PTAMS 0x000000071b000000 NTAMS 0x000000071b000000 space 16384K,   0% used [0x000000071b000000, 0x000000071b000010, 0x000000071c000000)
          F TS   157 PTAMS 0x000000071c000000 NTAMS 0x000000071c000000 space 16384K,   0% used [0x000000071c000000, 0x000000071c000000, 0x000000071d000000)
          F TS   157 PTAMS 0x000000071d000000 NTAMS 0x000000071d000000 space 16384K,   0% used [0x000000071d000000, 0x000000071d000000, 0x000000071e000000)
          F TS   157 PTAMS 0x000000071e000000 NTAMS 0x000000071e000000 space 16384K,   0% used [0x000000071e000000, 0x000000071e000000, 0x000000071f000000)
          F TS   157 PTAMS 0x000000071f000000 NTAMS 0x000000071f000000 space 16384K,   0% used [0x000000071f000000, 0x000000071f000000, 0x0000000720000000)
          F TS   157 PTAMS 0x0000000720000000 NTAMS 0x0000000720000000 space 16384K,   0% used [0x0000000720000000, 0x0000000720000000, 0x0000000721000000)
          F TS   157 PTAMS 0x0000000721000000 NTAMS 0x0000000721000000 space 16384K,   0% used [0x0000000721000000, 0x0000000721000000, 0x0000000722000000)
          F TS   157 PTAMS 0x0000000722000000 NTAMS 0x0000000722000000 space 16384K,   0% used [0x0000000722000000, 0x0000000722000000, 0x0000000723000000)
          F TS   157 PTAMS 0x0000000723000000 NTAMS 0x0000000723000000 space 16384K,   0% used [0x0000000723000000, 0x0000000723000000, 0x0000000724000000)
          F TS   157 PTAMS 0x0000000724000000 NTAMS 0x0000000724000000 space 16384K,   0% used [0x0000000724000000, 0x0000000724000000, 0x0000000725000000)
          F TS   157 PTAMS 0x0000000725000000 NTAMS 0x0000000725000000 space 16384K,   0% used [0x0000000725000000, 0x0000000725000000, 0x0000000726000000)
          F TS   157 PTAMS 0x0000000726000000 NTAMS 0x0000000726000000 space 16384K,   0% used [0x0000000726000000, 0x0000000726000000, 0x0000000727000000)
          F TS   157 PTAMS 0x0000000727000000 NTAMS 0x0000000727000000 space 16384K,   0% used [0x0000000727000000, 0x0000000727000000, 0x0000000728000000)
          F TS   157 PTAMS 0x0000000728000000 NTAMS 0x0000000728000000 space 16384K,   0% used [0x0000000728000000, 0x0000000728000000, 0x0000000729000000)
          F TS   157 PTAMS 0x0000000729000000 NTAMS 0x0000000729000000 space 16384K,   0% used [0x0000000729000000, 0x0000000729000000, 0x000000072a000000)
       Y    TS   157 PTAMS 0x000000072a000000 NTAMS 0x000000072a000000 space 16384K,  82% used [0x000000072a000000, 0x000000072ad20538, 0x000000072b000000)
    CS Y    TS   157 PTAMS 0x000000072b000000 NTAMS 0x000000072b000000 space 16384K, 100% used [0x000000072b000000, 0x000000072c000000, 0x000000072c000000)
    CS Y    TS   157 PTAMS 0x000000072c000000 NTAMS 0x000000072c000000 space 16384K, 100% used [0x000000072c000000, 0x000000072d000000, 0x000000072d000000)
    CS Y    TS   157 PTAMS 0x000000072d000000 NTAMS 0x000000072d000000 space 16384K, 100% used [0x000000072d000000, 0x000000072e000000, 0x000000072e000000)
    CS Y    TS   157 PTAMS 0x000000072e000000 NTAMS 0x000000072e000000 space 16384K, 100% used [0x000000072e000000, 0x000000072f000000, 0x000000072f000000)
    CS Y    TS   157 PTAMS 0x000000072f000000 NTAMS 0x000000072f000000 space 16384K, 100% used [0x000000072f000000, 0x0000000730000000, 0x0000000730000000)
    CS Y    TS   157 PTAMS 0x0000000730000000 NTAMS 0x0000000730000000 space 16384K, 100% used [0x0000000730000000, 0x0000000731000000, 0x0000000731000000)
    CS Y    TS   157 PTAMS 0x0000000731000000 NTAMS 0x0000000731000000 space 16384K, 100% used [0x0000000731000000, 0x0000000732000000, 0x0000000732000000)
    CS Y    TS   157 PTAMS 0x0000000732000000 NTAMS 0x0000000732000000 space 16384K, 100% used [0x0000000732000000, 0x0000000733000000, 0x0000000733000000)
    CS Y    TS   157 PTAMS 0x0000000733000000 NTAMS 0x0000000733000000 space 16384K, 100% used [0x0000000733000000, 0x0000000734000000, 0x0000000734000000)
    CS Y    TS   157 PTAMS 0x0000000734000000 NTAMS 0x0000000734000000 space 16384K, 100% used [0x0000000734000000, 0x0000000735000000, 0x0000000735000000)
    CS Y    TS   157 PTAMS 0x0000000735000000 NTAMS 0x0000000735000000 space 16384K, 100% used [0x0000000735000000, 0x0000000736000000, 0x0000000736000000)
    CS Y    TS   157 PTAMS 0x0000000736000000 NTAMS 0x0000000736000000 space 16384K, 100% used [0x0000000736000000, 0x0000000737000000, 0x0000000737000000)
    CS Y    TS   157 PTAMS 0x0000000737000000 NTAMS 0x0000000737000000 space 16384K, 100% used [0x0000000737000000, 0x0000000738000000, 0x0000000738000000)
    CS Y    TS   157 PTAMS 0x0000000738000000 NTAMS 0x0000000738000000 space 16384K, 100% used [0x0000000738000000, 0x0000000739000000, 0x0000000739000000)
    CS Y    TS   157 PTAMS 0x0000000739000000 NTAMS 0x0000000739000000 space 16384K, 100% used [0x0000000739000000, 0x000000073a000000, 0x000000073a000000)
    CS Y    TS   157 PTAMS 0x000000073a000000 NTAMS 0x000000073a000000 space 16384K, 100% used [0x000000073a000000, 0x000000073b000000, 0x000000073b000000)
    CS Y    TS   157 PTAMS 0x000000073b000000 NTAMS 0x000000073b000000 space 16384K, 100% used [0x000000073b000000, 0x000000073c000000, 0x000000073c000000)
    CS Y    TS   157 PTAMS 0x000000073c000000 NTAMS 0x000000073c000000 space 16384K, 100% used [0x000000073c000000, 0x000000073d000000, 0x000000073d000000)
    CS Y    TS   157 PTAMS 0x000000073d000000 NTAMS 0x000000073d000000 space 16384K, 100% used [0x000000073d000000, 0x000000073e000000, 0x000000073e000000)
    CS Y    TS   157 PTAMS 0x000000073e000000 NTAMS 0x000000073e000000 space 16384K, 100% used [0x000000073e000000, 0x000000073f000000, 0x000000073f000000)
    CS Y    TS   157 PTAMS 0x000000073f000000 NTAMS 0x000000073f000000 space 16384K, 100% used [0x000000073f000000, 0x0000000740000000, 0x0000000740000000)
    CS Y    TS   157 PTAMS 0x0000000740000000 NTAMS 0x0000000740000000 space 16384K, 100% used [0x0000000740000000, 0x0000000741000000, 0x0000000741000000)
    CS Y    TS   157 PTAMS 0x0000000741000000 NTAMS 0x0000000741000000 space 16384K, 100% used [0x0000000741000000, 0x0000000742000000, 0x0000000742000000)
    CS Y    TS   157 PTAMS 0x0000000742000000 NTAMS 0x0000000742000000 space 16384K, 100% used [0x0000000742000000, 0x0000000743000000, 0x0000000743000000)
    CS Y    TS   157 PTAMS 0x0000000743000000 NTAMS 0x0000000743000000 space 16384K, 100% used [0x0000000743000000, 0x0000000744000000, 0x0000000744000000)
    CS Y    TS   157 PTAMS 0x0000000744000000 NTAMS 0x0000000744000000 space 16384K, 100% used [0x0000000744000000, 0x0000000745000000, 0x0000000745000000)
    CS Y    TS   157 PTAMS 0x0000000745000000 NTAMS 0x0000000745000000 space 16384K, 100% used [0x0000000745000000, 0x0000000746000000, 0x0000000746000000)
    CS Y    TS   157 PTAMS 0x0000000746000000 NTAMS 0x0000000746000000 space 16384K, 100% used [0x0000000746000000, 0x0000000747000000, 0x0000000747000000)
    CS Y    TS   157 PTAMS 0x0000000747000000 NTAMS 0x0000000747000000 space 16384K, 100% used [0x0000000747000000, 0x0000000748000000, 0x0000000748000000)
    CS Y    TS   157 PTAMS 0x0000000748000000 NTAMS 0x0000000748000000 space 16384K, 100% used [0x0000000748000000, 0x0000000749000000, 0x0000000749000000)
    CS Y    TS   157 PTAMS 0x0000000749000000 NTAMS 0x0000000749000000 space 16384K, 100% used [0x0000000749000000, 0x000000074a000000, 0x000000074a000000)
    CS Y    TS   157 PTAMS 0x000000074a000000 NTAMS 0x000000074a000000 space 16384K, 100% used [0x000000074a000000, 0x000000074b000000, 0x000000074b000000)
    CS Y    TS   157 PTAMS 0x000000074b000000 NTAMS 0x000000074b000000 space 16384K, 100% used [0x000000074b000000, 0x000000074c000000, 0x000000074c000000)
    CS Y    TS   157 PTAMS 0x000000074c000000 NTAMS 0x000000074c000000 space 16384K, 100% used [0x000000074c000000, 0x000000074d000000, 0x000000074d000000)
    CS Y    TS   157 PTAMS 0x000000074d000000 NTAMS 0x000000074d000000 space 16384K, 100% used [0x000000074d000000, 0x000000074e000000, 0x000000074e000000)
    CS Y    TS   157 PTAMS 0x000000074e000000 NTAMS 0x000000074e000000 space 16384K, 100% used [0x000000074e000000, 0x000000074f000000, 0x000000074f000000)
    CS Y    TS   157 PTAMS 0x000000074f000000 NTAMS 0x000000074f000000 space 16384K, 100% used [0x000000074f000000, 0x0000000750000000, 0x0000000750000000)
    CS Y    TS   157 PTAMS 0x0000000750000000 NTAMS 0x0000000750000000 space 16384K, 100% used [0x0000000750000000, 0x0000000751000000, 0x0000000751000000)
GC Heap History (10 events):
Event: 576.603 GC heap before
{Heap before GC invocations=175 (full 4):
 garbage-first heap   total 2375680K, used 1588289K [0x00000006c0000000, 0x0000000751000000, 0x00000007c0000000)
  region size 16384K, 58 young (950272K), 1 survivors (16384K)
 Metaspace       used 52093K, capacity 52743K, committed 53080K, reserved 1095680K
  class space    used 6322K, capacity 6484K, committed 6528K, reserved 1048576K
Event: 576.607 GC heap after
Heap after GC invocations=176 (full 4):
 garbage-first heap   total 2375680K, used 654399K [0x00000006c0000000, 0x0000000751000000, 0x00000007c0000000)
  region size 16384K, 1 young (16384K), 1 survivors (16384K)
 Metaspace       used 52093K, capacity 52743K, committed 53080K, reserved 1095680K
  class space    used 6322K, capacity 6484K, committed 6528K, reserved 1048576K
}
Event: 584.716 GC heap before
{Heap before GC invocations=176 (full 4):
 garbage-first heap   total 2375680K, used 1571903K [0x00000006c0000000, 0x0000000751000000, 0x00000007c0000000)
  region size 16384K, 56 young (917504K), 1 survivors (16384K)
 Metaspace       used 52118K, capacity 52743K, committed 53080K, reserved 1095680K
  class space    used 6324K, capacity 6484K, committed 6528K, reserved 1048576K
Event: 584.720 GC heap after
Heap after GC invocations=177 (full 4):
 garbage-first heap   total 2375680K, used 670940K [0x00000006c0000000, 0x0000000751000000, 0x00000007c0000000)
  region size 16384K, 1 young (16384K), 1 survivors (16384K)
 Metaspace       used 52118K, capacity 52743K, committed 53080K, reserved 1095680K
  class space    used 6324K, capacity 6484K, committed 6528K, reserved 1048576K
}
Event: 592.056 GC heap before
{Heap before GC invocations=177 (full 4):
 garbage-first heap   total 2375680K, used 1539292K [0x00000006c0000000, 0x0000000751000000, 0x00000007c0000000)
  region size 16384K, 54 young (884736K), 1 survivors (16384K)
 Metaspace       used 52128K, capacity 52743K, committed 53080K, reserved 1095680K
  class space    used 6324K, capacity 6484K, committed 6528K, reserved 1048576K
Event: 592.060 GC heap after
Heap after GC invocations=178 (full 4):
 garbage-first heap   total 2375680K, used 671417K [0x00000006c0000000, 0x0000000751000000, 0x00000007c0000000)
  region size 16384K, 1 young (16384K), 1 survivors (16384K)
 Metaspace       used 52128K, capacity 52743K, committed 53080K, reserved 1095680K
  class space    used 6324K, capacity 6484K, committed 6528K, reserved 1048576K
}
Event: 599.488 GC heap before
{Heap before GC invocations=178 (full 4):
 garbage-first heap   total 2375680K, used 1539769K [0x00000006c0000000, 0x0000000751000000, 0x00000007c0000000)
  region size 16384K, 54 young (884736K), 1 survivors (16384K)
 Metaspace       used 52128K, capacity 52743K, committed 53080K, reserved 1095680K
  class space    used 6324K, capacity 6484K, committed 6528K, reserved 1048576K
Event: 599.492 GC heap after
Heap after GC invocations=179 (full 4):
 garbage-first heap   total 2375680K, used 670630K [0x00000006c0000000, 0x0000000751000000, 0x00000007c0000000)
  region size 16384K, 1 young (16384K), 1 survivors (16384K)
 Metaspace       used 52128K, capacity 52743K, committed 53080K, reserved 1095680K
  class space    used 6324K, capacity 6484K, committed 6528K, reserved 1048576K
}
Event: 606.922 GC heap before
{Heap before GC invocations=179 (full 4):
 garbage-first heap   total 2375680K, used 1538982K [0x00000006c0000000, 0x0000000751000000, 0x00000007c0000000)
  region size 16384K, 54 young (884736K), 1 survivors (16384K)
 Metaspace       used 52128K, capacity 52743K, committed 53080K, reserved 1095680K
  class space    used 6324K, capacity 6484K, committed 6528K, reserved 1048576K
Event: 606.926 GC heap after
Heap after GC invocations=180 (full 4):
 garbage-first heap   total 2375680K, used 671565K [0x00000006c0000000, 0x0000000751000000, 0x00000007c0000000)
  region size 16384K, 1 young (16384K), 1 survivors (16384K)
 Metaspace       used 52128K, capacity 52743K, committed 53080K, reserved 1095680K
  class space    used 6324K, capacity 6484K, committed 6528K, reserved 1048576K
}

