# JRE version: Java(TM) SE Runtime Environment (8.0_25-b18) (build 1.8.0_25-b18)
# Java VM: Java HotSpot(TM) 64-Bit Server VM (25.25-b02 mixed mode windows-amd64 compressed oops)
Heap:
 garbage-first heap   total 1409024K, used 788580K [0x00000006c0000000, 0x0000000716000000, 0x00000007c0000000)
  region size 16384K, 7 young (114688K), 1 survivors (16384K)
 Metaspace       used 55626K, capacity 56373K, committed 56664K, reserved 1099776K
  class space    used 6500K, capacity 6689K, committed 6784K, reserved 1048576K
Heap Regions: (Y=young(eden), SU=young(survivor), HS=humongous(starts), HC=humongous(continues), CS=collection set, F=free, TS=gc time stamp, PTAMS=previous top-at-mark-start, NTAMS=next top-at-mark-start)
            TS     0 PTAMS 0x00000006c0fffff8 NTAMS 0x00000006c0fffff8 space 16384K,  99% used [0x00000006c0000000, 0x00000006c0fffff8, 0x00000006c1000000)
            TS     0 PTAMS 0x00000006c1fffff0 NTAMS 0x00000006c1fffff0 space 16384K,  99% used [0x00000006c1000000, 0x00000006c1fffff0, 0x00000006c2000000)
            TS     0 PTAMS 0x00000006c2fffff0 NTAMS 0x00000006c2fffff0 space 16384K,  99% used [0x00000006c2000000, 0x00000006c2fffff0, 0x00000006c3000000)
            TS     0 PTAMS 0x00000006c3ffffd8 NTAMS 0x00000006c3ffffd8 space 16384K,  99% used [0x00000006c3000000, 0x00000006c3ffffd8, 0x00000006c4000000)
            TS     0 PTAMS 0x00000006c5000000 NTAMS 0x00000006c5000000 space 16384K, 100% used [0x00000006c4000000, 0x00000006c5000000, 0x00000006c5000000)
 HS         TS     0 PTAMS 0x00000006c5a00010 NTAMS 0x00000006c5a00010 space 16384K,  62% used [0x00000006c5000000, 0x00000006c5a00010, 0x00000006c6000000)
            TS     0 PTAMS 0x00000006c6ffffe8 NTAMS 0x00000006c6ffffe8 space 16384K,  99% used [0x00000006c6000000, 0x00000006c6ffffe8, 0x00000006c7000000)
            TS     0 PTAMS 0x00000006c7ffffe0 NTAMS 0x00000006c7ffffe0 space 16384K,  99% used [0x00000006c7000000, 0x00000006c7ffffe0, 0x00000006c8000000)
            TS     0 PTAMS 0x00000006c8fffff8 NTAMS 0x00000006c8fffff8 space 16384K,  99% used [0x00000006c8000000, 0x00000006c8fffff8, 0x00000006c9000000)
            TS     0 PTAMS 0x00000006c9ffffe0 NTAMS 0x00000006c9ffffe0 space 16384K,  99% used [0x00000006c9000000, 0x00000006c9ffffe0, 0x00000006ca000000)
            TS     0 PTAMS 0x00000006cafffff8 NTAMS 0x00000006cafffff8 space 16384K,  99% used [0x00000006ca000000, 0x00000006cafffff8, 0x00000006cb000000)
            TS     0 PTAMS 0x00000006cbfffd38 NTAMS 0x00000006cbfffd38 space 16384K,  99% used [0x00000006cb000000, 0x00000006cbfffd38, 0x00000006cc000000)
            TS     0 PTAMS 0x00000006ccffea58 NTAMS 0x00000006ccffea58 space 16384K,  99% used [0x00000006cc000000, 0x00000006ccffea58, 0x00000006cd000000)
            TS     0 PTAMS 0x00000006cdfffff0 NTAMS 0x00000006cdfffff0 space 16384K,  99% used [0x00000006cd000000, 0x00000006cdfffff0, 0x00000006ce000000)
            TS     0 PTAMS 0x00000006cefff428 NTAMS 0x00000006cefff428 space 16384K,  99% used [0x00000006ce000000, 0x00000006cefff428, 0x00000006cf000000)
            TS     0 PTAMS 0x00000006cffff0c0 NTAMS 0x00000006cffff0c0 space 16384K,  99% used [0x00000006cf000000, 0x00000006cffff0c0, 0x00000006d0000000)
            TS     0 PTAMS 0x00000006d0fff900 NTAMS 0x00000006d0fff900 space 16384K,  99% used [0x00000006d0000000, 0x00000006d0fff900, 0x00000006d1000000)
            TS     0 PTAMS 0x00000006d1ffffd8 NTAMS 0x00000006d1ffffd8 space 16384K,  99% used [0x00000006d1000000, 0x00000006d1ffffd8, 0x00000006d2000000)
            TS     0 PTAMS 0x00000006d2fff3e0 NTAMS 0x00000006d2fff3e0 space 16384K,  99% used [0x00000006d2000000, 0x00000006d2fff3e0, 0x00000006d3000000)
            TS     0 PTAMS 0x00000006d3ffff78 NTAMS 0x00000006d3ffff78 space 16384K,  99% used [0x00000006d3000000, 0x00000006d3ffff78, 0x00000006d4000000)
            TS     0 PTAMS 0x00000006d4ffe388 NTAMS 0x00000006d4ffe388 space 16384K,  99% used [0x00000006d4000000, 0x00000006d4ffe388, 0x00000006d5000000)
            TS     0 PTAMS 0x00000006d5fffeb0 NTAMS 0x00000006d5fffeb0 space 16384K,  99% used [0x00000006d5000000, 0x00000006d5fffeb0, 0x00000006d6000000)
            TS     0 PTAMS 0x00000006d6fffcc0 NTAMS 0x00000006d6fffcc0 space 16384K,  99% used [0x00000006d6000000, 0x00000006d6fffcc0, 0x00000006d7000000)
            TS     0 PTAMS 0x00000006d7ff2d90 NTAMS 0x00000006d7ff2d90 space 16384K,  99% used [0x00000006d7000000, 0x00000006d7ff2d90, 0x00000006d8000000)
            TS     0 PTAMS 0x00000006d8fbb010 NTAMS 0x00000006d8fbb010 space 16384K,  98% used [0x00000006d8000000, 0x00000006d8fbb010, 0x00000006d9000000)
            TS     0 PTAMS 0x00000006d9f08880 NTAMS 0x00000006d9f08880 space 16384K,  93% used [0x00000006d9000000, 0x00000006d9f08880, 0x00000006da000000)
            TS     0 PTAMS 0x00000006db000000 NTAMS 0x00000006db000000 space 16384K, 100% used [0x00000006da000000, 0x00000006db000000, 0x00000006db000000)
            TS     0 PTAMS 0x00000006db699168 NTAMS 0x00000006db699168 space 16384K,  41% used [0x00000006db000000, 0x00000006db699168, 0x00000006dc000000)
          F TS     0 PTAMS 0x00000006dc000000 NTAMS 0x00000006dc000000 space 16384K,   0% used [0x00000006dc000000, 0x00000006dc000000, 0x00000006dd000000)
            TS     0 PTAMS 0x00000006de000000 NTAMS 0x00000006de000000 space 16384K, 100% used [0x00000006dd000000, 0x00000006de000000, 0x00000006de000000)
            TS     0 PTAMS 0x00000006df000000 NTAMS 0x00000006df000000 space 16384K, 100% used [0x00000006de000000, 0x00000006df000000, 0x00000006df000000)
            TS     0 PTAMS 0x00000006e0000000 NTAMS 0x00000006e0000000 space 16384K, 100% used [0x00000006df000000, 0x00000006e0000000, 0x00000006e0000000)
            TS     0 PTAMS 0x00000006e1000000 NTAMS 0x00000006e1000000 space 16384K, 100% used [0x00000006e0000000, 0x00000006e1000000, 0x00000006e1000000)
            TS     0 PTAMS 0x00000006e2000000 NTAMS 0x00000006e2000000 space 16384K, 100% used [0x00000006e1000000, 0x00000006e2000000, 0x00000006e2000000)
            TS     0 PTAMS 0x00000006e3000000 NTAMS 0x00000006e3000000 space 16384K, 100% used [0x00000006e2000000, 0x00000006e3000000, 0x00000006e3000000)
            TS     0 PTAMS 0x00000006e4000000 NTAMS 0x00000006e4000000 space 16384K, 100% used [0x00000006e3000000, 0x00000006e4000000, 0x00000006e4000000)
            TS     0 PTAMS 0x00000006e5000000 NTAMS 0x00000006e5000000 space 16384K, 100% used [0x00000006e4000000, 0x00000006e5000000, 0x00000006e5000000)
            TS     0 PTAMS 0x00000006e6000000 NTAMS 0x00000006e6000000 space 16384K, 100% used [0x00000006e5000000, 0x00000006e6000000, 0x00000006e6000000)
          F TS     0 PTAMS 0x00000006e6000000 NTAMS 0x00000006e6000000 space 16384K,   0% used [0x00000006e6000000, 0x00000006e6000000, 0x00000006e7000000)
            TS     0 PTAMS 0x00000006e8000000 NTAMS 0x00000006e8000000 space 16384K, 100% used [0x00000006e7000000, 0x00000006e8000000, 0x00000006e8000000)
            TS     0 PTAMS 0x00000006e9000000 NTAMS 0x00000006e9000000 space 16384K, 100% used [0x00000006e8000000, 0x00000006e9000000, 0x00000006e9000000)
            TS     0 PTAMS 0x00000006ea000000 NTAMS 0x00000006ea000000 space 16384K, 100% used [0x00000006e9000000, 0x00000006ea000000, 0x00000006ea000000)
            TS     0 PTAMS 0x00000006eb000000 NTAMS 0x00000006eb000000 space 16384K, 100% used [0x00000006ea000000, 0x00000006eb000000, 0x00000006eb000000)
          F TS     0 PTAMS 0x00000006eb000000 NTAMS 0x00000006eb000000 space 16384K,   0% used [0x00000006eb000000, 0x00000006eb000000, 0x00000006ec000000)
            TS     0 PTAMS 0x00000006ed000000 NTAMS 0x00000006ed000000 space 16384K, 100% used [0x00000006ec000000, 0x00000006ed000000, 0x00000006ed000000)
          F TS     0 PTAMS 0x00000006ed000000 NTAMS 0x00000006ed000000 space 16384K,   0% used [0x00000006ed000000, 0x00000006ed000000, 0x00000006ee000000)
          F TS     0 PTAMS 0x00000006ee000000 NTAMS 0x00000006ee000000 space 16384K,   0% used [0x00000006ee000000, 0x00000006ee000000, 0x00000006ef000000)
            TS     0 PTAMS 0x00000006f0000000 NTAMS 0x00000006f0000000 space 16384K, 100% used [0x00000006ef000000, 0x00000006f0000000, 0x00000006f0000000)
          F TS     0 PTAMS 0x00000006f0000000 NTAMS 0x00000006f0000000 space 16384K,   0% used [0x00000006f0000000, 0x00000006f0000000, 0x00000006f1000000)
          F TS     0 PTAMS 0x00000006f1000000 NTAMS 0x00000006f1000000 space 16384K,   0% used [0x00000006f1000000, 0x00000006f1000000, 0x00000006f2000000)
            TS     0 PTAMS 0x00000006f3000000 NTAMS 0x00000006f3000000 space 16384K, 100% used [0x00000006f2000000, 0x00000006f3000000, 0x00000006f3000000)
          F TS     0 PTAMS 0x00000006f3000000 NTAMS 0x00000006f3000000 space 16384K,   0% used [0x00000006f3000000, 0x00000006f3000000, 0x00000006f4000000)
          F TS     0 PTAMS 0x00000006f4000000 NTAMS 0x00000006f4000000 space 16384K,   0% used [0x00000006f4000000, 0x00000006f4000000, 0x00000006f5000000)
          F TS     0 PTAMS 0x00000006f5000000 NTAMS 0x00000006f5000000 space 16384K,   0% used [0x00000006f5000000, 0x00000006f5000000, 0x00000006f6000000)
          F TS     0 PTAMS 0x00000006f6000000 NTAMS 0x00000006f6000000 space 16384K,   0% used [0x00000006f6000000, 0x00000006f6000000, 0x00000006f7000000)
          F TS     0 PTAMS 0x00000006f7000000 NTAMS 0x00000006f7000000 space 16384K,   0% used [0x00000006f7000000, 0x00000006f7000000, 0x00000006f8000000)
          F TS     0 PTAMS 0x00000006f8000000 NTAMS 0x00000006f8000000 space 16384K,   0% used [0x00000006f8000000, 0x00000006f8000000, 0x00000006f9000000)
          F TS     0 PTAMS 0x00000006f9000000 NTAMS 0x00000006f9000000 space 16384K,   0% used [0x00000006f9000000, 0x00000006f9000000, 0x00000006fa000000)
          F TS     0 PTAMS 0x00000006fa000000 NTAMS 0x00000006fa000000 space 16384K,   0% used [0x00000006fa000000, 0x00000006fa000000, 0x00000006fb000000)
          F TS     0 PTAMS 0x00000006fb000000 NTAMS 0x00000006fb000000 space 16384K,   0% used [0x00000006fb000000, 0x00000006fb000000, 0x00000006fc000000)
          F TS     0 PTAMS 0x00000006fc000000 NTAMS 0x00000006fc000000 space 16384K,   0% used [0x00000006fc000000, 0x00000006fc000000, 0x00000006fd000000)
          F TS     0 PTAMS 0x00000006fd000000 NTAMS 0x00000006fd000000 space 16384K,   0% used [0x00000006fd000000, 0x00000006fd000000, 0x00000006fe000000)
          F TS     0 PTAMS 0x00000006fe000000 NTAMS 0x00000006fe000000 space 16384K,   0% used [0x00000006fe000000, 0x00000006fe000000, 0x00000006ff000000)
    CS SU   TS     0 PTAMS 0x00000006ff000000 NTAMS 0x00000006ff000000 space 16384K,  17% used [0x00000006ff000000, 0x00000006ff2d0270, 0x0000000700000000)
          F TS     0 PTAMS 0x0000000700000000 NTAMS 0x0000000700000000 space 16384K,   0% used [0x0000000700000000, 0x0000000700000000, 0x0000000701000000)
          F TS     0 PTAMS 0x0000000701000000 NTAMS 0x0000000701000000 space 16384K,   0% used [0x0000000701000000, 0x0000000701000000, 0x0000000702000000)
          F TS     0 PTAMS 0x0000000702000000 NTAMS 0x0000000702000000 space 16384K,   0% used [0x0000000702000000, 0x0000000702000000, 0x0000000703000000)
          F TS     0 PTAMS 0x0000000703000000 NTAMS 0x0000000703000000 space 16384K,   0% used [0x0000000703000000, 0x0000000703000000, 0x0000000704000000)
          F TS     0 PTAMS 0x0000000704000000 NTAMS 0x0000000704000000 space 16384K,   0% used [0x0000000704000000, 0x0000000704000000, 0x0000000705000000)
          F TS     0 PTAMS 0x0000000705000000 NTAMS 0x0000000705000000 space 16384K,   0% used [0x0000000705000000, 0x0000000705000000, 0x0000000706000000)
          F TS     0 PTAMS 0x0000000706000000 NTAMS 0x0000000706000000 space 16384K,   0% used [0x0000000706000000, 0x0000000706000000, 0x0000000707000000)
          F TS     0 PTAMS 0x0000000707000000 NTAMS 0x0000000707000000 space 16384K,   0% used [0x0000000707000000, 0x0000000707000000, 0x0000000708000000)
          F TS     0 PTAMS 0x0000000708000000 NTAMS 0x0000000708000000 space 16384K,   0% used [0x0000000708000000, 0x0000000708000000, 0x0000000709000000)
          F TS     0 PTAMS 0x0000000709000000 NTAMS 0x0000000709000000 space 16384K,   0% used [0x0000000709000000, 0x0000000709000000, 0x000000070a000000)
          F TS     0 PTAMS 0x000000070a000000 NTAMS 0x000000070a000000 space 16384K,   0% used [0x000000070a000000, 0x000000070a000000, 0x000000070b000000)
          F TS     0 PTAMS 0x000000070b000000 NTAMS 0x000000070b000000 space 16384K,   0% used [0x000000070b000000, 0x000000070b000000, 0x000000070c000000)
          F TS     0 PTAMS 0x000000070c000000 NTAMS 0x000000070c000000 space 16384K,   0% used [0x000000070c000000, 0x000000070c000000, 0x000000070d000000)
          F TS     0 PTAMS 0x000000070d000000 NTAMS 0x000000070d000000 space 16384K,   0% used [0x000000070d000000, 0x000000070d000000, 0x000000070e000000)
          F TS     0 PTAMS 0x000000070e000000 NTAMS 0x000000070e000000 space 16384K,   0% used [0x000000070e000000, 0x000000070e000000, 0x000000070f000000)
          F TS     0 PTAMS 0x000000070f000000 NTAMS 0x000000070f000000 space 16384K,   0% used [0x000000070f000000, 0x000000070f000000, 0x0000000710000000)
       Y    TS     0 PTAMS 0x0000000710000000 NTAMS 0x0000000710000000 space 16384K,  89% used [0x0000000710000000, 0x0000000710e58df8, 0x0000000711000000)
    CS Y    TS     0 PTAMS 0x0000000711000000 NTAMS 0x0000000711000000 space 16384K, 100% used [0x0000000711000000, 0x0000000712000000, 0x0000000712000000)
    CS Y    TS     0 PTAMS 0x0000000712000000 NTAMS 0x0000000712000000 space 16384K, 100% used [0x0000000712000000, 0x0000000713000000, 0x0000000713000000)
    CS Y    TS     0 PTAMS 0x0000000713000000 NTAMS 0x0000000713000000 space 16384K, 100% used [0x0000000713000000, 0x0000000714000000, 0x0000000714000000)
    CS Y    TS     0 PTAMS 0x0000000714000000 NTAMS 0x0000000714000000 space 16384K, 100% used [0x0000000714000000, 0x0000000715000000, 0x0000000715000000)
    CS Y    TS     0 PTAMS 0x0000000715000000 NTAMS 0x0000000715000000 space 16384K, 100% used [0x0000000715000000, 0x0000000716000000, 0x0000000716000000)
GC Heap History (10 events):
Event: 6566.139 GC heap before
{Heap before GC invocations=3268 (full 12):
 garbage-first heap   total 1409024K, used 1066936K [0x00000006c0000000, 0x0000000716000000, 0x00000007c0000000)
  region size 16384K, 23 young (376832K), 1 survivors (16384K)
 Metaspace       used 55626K, capacity 56373K, committed 56664K, reserved 1099776K
  class space    used 6500K, capacity 6689K, committed 6784K, reserved 1048576K
Event: 6566.143 GC heap after
Heap after GC invocations=3269 (full 12):
 garbage-first heap   total 1409024K, used 705995K [0x00000006c0000000, 0x0000000716000000, 0x00000007c0000000)
  region size 16384K, 1 young (16384K), 1 survivors (16384K)
 Metaspace       used 55626K, capacity 56373K, committed 56664K, reserved 1099776K
  class space    used 6500K, capacity 6689K, committed 6784K, reserved 1048576K
}
Event: 6568.505 GC heap before
{Heap before GC invocations=3269 (full 12):
 garbage-first heap   total 1409024K, used 1066443K [0x00000006c0000000, 0x0000000716000000, 0x00000007c0000000)
  region size 16384K, 23 young (376832K), 1 survivors (16384K)
 Metaspace       used 55626K, capacity 56373K, committed 56664K, reserved 1099776K
  class space    used 6500K, capacity 6689K, committed 6784K, reserved 1048576K
Event: 6568.515 GC heap after
Heap after GC invocations=3270 (full 12):
 garbage-first heap   total 1409024K, used 705972K [0x00000006c0000000, 0x0000000716000000, 0x00000007c0000000)
  region size 16384K, 1 young (16384K), 1 survivors (16384K)
 Metaspace       used 55626K, capacity 56373K, committed 56664K, reserved 1099776K
  class space    used 6500K, capacity 6689K, committed 6784K, reserved 1048576K
}
Event: 6571.450 GC heap before
{Heap before GC invocations=3271 (full 12):
 garbage-first heap   total 1409024K, used 1066420K [0x00000006c0000000, 0x0000000716000000, 0x00000007c0000000)
  region size 16384K, 23 young (376832K), 1 survivors (16384K)
 Metaspace       used 55626K, capacity 56373K, committed 56664K, reserved 1099776K
  class space    used 6500K, capacity 6689K, committed 6784K, reserved 1048576K
Event: 6571.455 GC heap after
Heap after GC invocations=3272 (full 12):
 garbage-first heap   total 1409024K, used 706210K [0x00000006c0000000, 0x0000000716000000, 0x00000007c0000000)
  region size 16384K, 1 young (16384K), 1 survivors (16384K)
 Metaspace       used 55626K, capacity 56373K, committed 56664K, reserved 1099776K
  class space    used 6500K, capacity 6689K, committed 6784K, reserved 1048576K
}
Event: 6573.833 GC heap before
{Heap before GC invocations=3272 (full 12):
 garbage-first heap   total 1409024K, used 1066658K [0x00000006c0000000, 0x0000000716000000, 0x00000007c0000000)
  region size 16384K, 23 young (376832K), 1 survivors (16384K)
 Metaspace       used 55626K, capacity 56373K, committed 56664K, reserved 1099776K
  class space    used 6500K, capacity 6689K, committed 6784K, reserved 1048576K
Event: 6573.838 GC heap after
Heap after GC invocations=3273 (full 12):
 garbage-first heap   total 1409024K, used 708403K [0x00000006c0000000, 0x0000000716000000, 0x00000007c0000000)
  region size 16384K, 1 young (16384K), 1 survivors (16384K)
 Metaspace       used 55626K, capacity 56373K, committed 56664K, reserved 1099776K
  class space    used 6500K, capacity 6689K, committed 6784K, reserved 1048576K
}
Event: 6576.768 GC heap before
{Heap before GC invocations=3273 (full 12):
 garbage-first heap   total 1409024K, used 1068851K [0x00000006c0000000, 0x0000000716000000, 0x00000007c0000000)
  region size 16384K, 23 young (376832K), 1 survivors (16384K)
 Metaspace       used 55626K, capacity 56373K, committed 56664K, reserved 1099776K
  class space    used 6500K, capacity 6689K, committed 6784K, reserved 1048576K
Event: 6576.777 GC heap after
Heap after GC invocations=3274 (full 12):
 garbage-first heap   total 1409024K, used 706660K [0x00000006c0000000, 0x0000000716000000, 0x00000007c0000000)
  region size 16384K, 1 young (16384K), 1 survivors (16384K)
 Metaspace       used 55626K, capacity 56373K, committed 56664K, reserved 1099776K
  class space    used 6500K, capacity 6689K, committed 6784K, reserved 1048576K
}

