# JRE version: Java(TM) SE Runtime Environment (8.0_25-b18) (build 1.8.0_25-b18)
# Java VM: Java HotSpot(TM) 64-Bit Server VM (25.25-b02 mixed mode windows-amd64 compressed oops)
Heap:
 garbage-first heap   total 1343488K, used 868306K [0x00000006c0000000, 0x0000000712000000, 0x00000007c0000000)
  region size 16384K, 31 young (507904K), 1 survivors (16384K)
 Metaspace       used 51374K, capacity 52001K, committed 52312K, reserved 1095680K
  class space    used 6297K, capacity 6477K, committed 6528K, reserved 1048576K
Heap Regions: (Y=young(eden), SU=young(survivor), HS=humongous(starts), HC=humongous(continues), CS=collection set, F=free, TS=gc time stamp, PTAMS=previous top-at-mark-start, NTAMS=next top-at-mark-start)
            TS     0 PTAMS 0x00000006c0fffff0 NTAMS 0x00000006c0fffff0 space 16384K,  99% used [0x00000006c0000000, 0x00000006c0fffff0, 0x00000006c1000000)
            TS     0 PTAMS 0x00000006c1fffff0 NTAMS 0x00000006c1fffff0 space 16384K,  99% used [0x00000006c1000000, 0x00000006c1fffff0, 0x00000006c2000000)
            TS     0 PTAMS 0x00000006c2fffff0 NTAMS 0x00000006c2fffff0 space 16384K,  99% used [0x00000006c2000000, 0x00000006c2fffff0, 0x00000006c3000000)
            TS     0 PTAMS 0x00000006c3ffffe8 NTAMS 0x00000006c3ffffe8 space 16384K,  99% used [0x00000006c3000000, 0x00000006c3ffffe8, 0x00000006c4000000)
            TS     0 PTAMS 0x00000006c4ffffc0 NTAMS 0x00000006c4ffffc0 space 16384K,  99% used [0x00000006c4000000, 0x00000006c4ffffc0, 0x00000006c5000000)
            TS     0 PTAMS 0x00000006c5fffff0 NTAMS 0x00000006c5fffff0 space 16384K,  99% used [0x00000006c5000000, 0x00000006c5fffff0, 0x00000006c6000000)
 HS         TS     0 PTAMS 0x00000006c6a00010 NTAMS 0x00000006c6a00010 space 16384K,  62% used [0x00000006c6000000, 0x00000006c6a00010, 0x00000006c7000000)
            TS     0 PTAMS 0x00000006c7ffffa0 NTAMS 0x00000006c7ffffa0 space 16384K,  99% used [0x00000006c7000000, 0x00000006c7ffffa0, 0x00000006c8000000)
            TS     0 PTAMS 0x00000006c8fffff0 NTAMS 0x00000006c8fffff0 space 16384K,  99% used [0x00000006c8000000, 0x00000006c8fffff0, 0x00000006c9000000)
            TS     0 PTAMS 0x00000006c9fffff0 NTAMS 0x00000006c9fffff0 space 16384K,  99% used [0x00000006c9000000, 0x00000006c9fffff0, 0x00000006ca000000)
            TS     0 PTAMS 0x00000006cafcf640 NTAMS 0x00000006cafcf640 space 16384K,  98% used [0x00000006ca000000, 0x00000006cafcf640, 0x00000006cb000000)
            TS     0 PTAMS 0x00000006cbffffd8 NTAMS 0x00000006cbffffd8 space 16384K,  99% used [0x00000006cb000000, 0x00000006cbffffd8, 0x00000006cc000000)
            TS     0 PTAMS 0x00000006cd000000 NTAMS 0x00000006cd000000 space 16384K, 100% used [0x00000006cc000000, 0x00000006cd000000, 0x00000006cd000000)
            TS     0 PTAMS 0x00000006cdfffff0 NTAMS 0x00000006cdfffff0 space 16384K,  99% used [0x00000006cd000000, 0x00000006cdfffff0, 0x00000006ce000000)
            TS     0 PTAMS 0x00000006cf000000 NTAMS 0x00000006cf000000 space 16384K, 100% used [0x00000006ce000000, 0x00000006cf000000, 0x00000006cf000000)
            TS     0 PTAMS 0x00000006d0000000 NTAMS 0x00000006d0000000 space 16384K, 100% used [0x00000006cf000000, 0x00000006d0000000, 0x00000006d0000000)
            TS     0 PTAMS 0x00000006d1000000 NTAMS 0x00000006d1000000 space 16384K, 100% used [0x00000006d0000000, 0x00000006d1000000, 0x00000006d1000000)
            TS     0 PTAMS 0x00000006d2000000 NTAMS 0x00000006d2000000 space 16384K, 100% used [0x00000006d1000000, 0x00000006d2000000, 0x00000006d2000000)
            TS     0 PTAMS 0x00000006d3000000 NTAMS 0x00000006d3000000 space 16384K, 100% used [0x00000006d2000000, 0x00000006d3000000, 0x00000006d3000000)
            TS     0 PTAMS 0x00000006d4000000 NTAMS 0x00000006d4000000 space 16384K, 100% used [0x00000006d3000000, 0x00000006d4000000, 0x00000006d4000000)
            TS     0 PTAMS 0x00000006d5000000 NTAMS 0x00000006d5000000 space 16384K, 100% used [0x00000006d4000000, 0x00000006d5000000, 0x00000006d5000000)
            TS     0 PTAMS 0x00000006d6000000 NTAMS 0x00000006d6000000 space 16384K, 100% used [0x00000006d5000000, 0x00000006d6000000, 0x00000006d6000000)
            TS   127 PTAMS 0x00000006d6bfb160 NTAMS 0x00000006d6bfb160 space 16384K, 100% used [0x00000006d6000000, 0x00000006d7000000, 0x00000006d7000000)
            TS   333 PTAMS 0x00000006d7000000 NTAMS 0x00000006d7000000 space 16384K,  22% used [0x00000006d7000000, 0x00000006d739cc30, 0x00000006d8000000)
          F TS     0 PTAMS 0x00000006d8000000 NTAMS 0x00000006d8000000 space 16384K,   0% used [0x00000006d8000000, 0x00000006d8000000, 0x00000006d9000000)
          F TS     0 PTAMS 0x00000006d9000000 NTAMS 0x00000006d9000000 space 16384K,   0% used [0x00000006d9000000, 0x00000006d9000000, 0x00000006da000000)
          F TS     0 PTAMS 0x00000006da000000 NTAMS 0x00000006da000000 space 16384K,   0% used [0x00000006da000000, 0x00000006da000000, 0x00000006db000000)
          F TS     0 PTAMS 0x00000006db000000 NTAMS 0x00000006db000000 space 16384K,   0% used [0x00000006db000000, 0x00000006db000000, 0x00000006dc000000)
          F TS     0 PTAMS 0x00000006dc000000 NTAMS 0x00000006dc000000 space 16384K,   0% used [0x00000006dc000000, 0x00000006dc000000, 0x00000006dd000000)
          F TS     0 PTAMS 0x00000006dd000000 NTAMS 0x00000006dd000000 space 16384K,   0% used [0x00000006dd000000, 0x00000006dd000000, 0x00000006de000000)
          F TS     0 PTAMS 0x00000006de000000 NTAMS 0x00000006de000000 space 16384K,   0% used [0x00000006de000000, 0x00000006de000000, 0x00000006df000000)
          F TS     0 PTAMS 0x00000006df000000 NTAMS 0x00000006df000000 space 16384K,   0% used [0x00000006df000000, 0x00000006df000000, 0x00000006e0000000)
          F TS     0 PTAMS 0x00000006e0000000 NTAMS 0x00000006e0000000 space 16384K,   0% used [0x00000006e0000000, 0x00000006e0000000, 0x00000006e1000000)
          F TS     0 PTAMS 0x00000006e1000000 NTAMS 0x00000006e1000000 space 16384K,   0% used [0x00000006e1000000, 0x00000006e1000000, 0x00000006e2000000)
          F TS     0 PTAMS 0x00000006e2000000 NTAMS 0x00000006e2000000 space 16384K,   0% used [0x00000006e2000000, 0x00000006e2000000, 0x00000006e3000000)
          F TS     0 PTAMS 0x00000006e3000000 NTAMS 0x00000006e3000000 space 16384K,   0% used [0x00000006e3000000, 0x00000006e3000000, 0x00000006e4000000)
          F TS     0 PTAMS 0x00000006e4000000 NTAMS 0x00000006e4000000 space 16384K,   0% used [0x00000006e4000000, 0x00000006e4000000, 0x00000006e5000000)
          F TS     0 PTAMS 0x00000006e5000000 NTAMS 0x00000006e5000000 space 16384K,   0% used [0x00000006e5000000, 0x00000006e5000000, 0x00000006e6000000)
          F TS    53 PTAMS 0x00000006e6000000 NTAMS 0x00000006e6000000 space 16384K,   0% used [0x00000006e6000000, 0x00000006e6000000, 0x00000006e7000000)
          F TS    51 PTAMS 0x00000006e7000000 NTAMS 0x00000006e7000000 space 16384K,   0% used [0x00000006e7000000, 0x00000006e7000000, 0x00000006e8000000)
          F TS   129 PTAMS 0x00000006e8000000 NTAMS 0x00000006e8000000 space 16384K,   0% used [0x00000006e8000000, 0x00000006e8000000, 0x00000006e9000000)
          F TS   333 PTAMS 0x00000006e9000000 NTAMS 0x00000006e9000000 space 16384K,   0% used [0x00000006e9000000, 0x00000006e9000000, 0x00000006ea000000)
    CS SU   TS   333 PTAMS 0x00000006ea000000 NTAMS 0x00000006ea000000 space 16384K,  15% used [0x00000006ea000000, 0x00000006ea288830, 0x00000006eb000000)
          F TS   333 PTAMS 0x00000006eb000000 NTAMS 0x00000006eb000000 space 16384K,   0% used [0x00000006eb000000, 0x00000006eb000000, 0x00000006ec000000)
          F TS   333 PTAMS 0x00000006ec000000 NTAMS 0x00000006ec000000 space 16384K,   0% used [0x00000006ec000000, 0x00000006ec000000, 0x00000006ed000000)
          F TS   333 PTAMS 0x00000006ed000000 NTAMS 0x00000006ed000000 space 16384K,   0% used [0x00000006ed000000, 0x00000006ed000000, 0x00000006ee000000)
          F TS   333 PTAMS 0x00000006ee000000 NTAMS 0x00000006ee000000 space 16384K,   0% used [0x00000006ee000000, 0x00000006ee000000, 0x00000006ef000000)
          F TS   333 PTAMS 0x00000006ef000000 NTAMS 0x00000006ef000000 space 16384K,   0% used [0x00000006ef000000, 0x00000006ef000000, 0x00000006f0000000)
          F TS   333 PTAMS 0x00000006f0000000 NTAMS 0x00000006f0000000 space 16384K,   0% used [0x00000006f0000000, 0x00000006f0000000, 0x00000006f1000000)
 HS         TS    49 PTAMS 0x00000006f1000000 NTAMS 0x00000006f1000000 space 32768K,  50% used [0x00000006f1000000, 0x00000006f2000010, 0x00000006f3000000)
 HC         TS    49 PTAMS 0x00000006f2000000 NTAMS 0x00000006f2000000 space 16384K,   0% used [0x00000006f2000000, 0x00000006f2000010, 0x00000006f3000000)
          F TS   333 PTAMS 0x00000006f3000000 NTAMS 0x00000006f3000000 space 16384K,   0% used [0x00000006f3000000, 0x00000006f3000000, 0x00000006f4000000)
       Y    TS   333 PTAMS 0x00000006f4000000 NTAMS 0x00000006f4000000 space 16384K,  49% used [0x00000006f4000000, 0x00000006f47f8100, 0x00000006f5000000)
    CS Y    TS   333 PTAMS 0x00000006f5000000 NTAMS 0x00000006f5000000 space 16384K, 100% used [0x00000006f5000000, 0x00000006f6000000, 0x00000006f6000000)
    CS Y    TS   333 PTAMS 0x00000006f6000000 NTAMS 0x00000006f6000000 space 16384K, 100% used [0x00000006f6000000, 0x00000006f7000000, 0x00000006f7000000)
    CS Y    TS   333 PTAMS 0x00000006f7000000 NTAMS 0x00000006f7000000 space 16384K, 100% used [0x00000006f7000000, 0x00000006f8000000, 0x00000006f8000000)
    CS Y    TS   333 PTAMS 0x00000006f8000000 NTAMS 0x00000006f8000000 space 16384K, 100% used [0x00000006f8000000, 0x00000006f9000000, 0x00000006f9000000)
    CS Y    TS   333 PTAMS 0x00000006f9000000 NTAMS 0x00000006f9000000 space 16384K, 100% used [0x00000006f9000000, 0x00000006fa000000, 0x00000006fa000000)
    CS Y    TS   333 PTAMS 0x00000006fa000000 NTAMS 0x00000006fa000000 space 16384K, 100% used [0x00000006fa000000, 0x00000006fb000000, 0x00000006fb000000)
    CS Y    TS   333 PTAMS 0x00000006fb000000 NTAMS 0x00000006fb000000 space 16384K, 100% used [0x00000006fb000000, 0x00000006fc000000, 0x00000006fc000000)
    CS Y    TS   333 PTAMS 0x00000006fc000000 NTAMS 0x00000006fc000000 space 16384K, 100% used [0x00000006fc000000, 0x00000006fd000000, 0x00000006fd000000)
    CS Y    TS   333 PTAMS 0x00000006fd000000 NTAMS 0x00000006fd000000 space 16384K, 100% used [0x00000006fd000000, 0x00000006fe000000, 0x00000006fe000000)
    CS Y    TS   333 PTAMS 0x00000006fe000000 NTAMS 0x00000006fe000000 space 16384K, 100% used [0x00000006fe000000, 0x00000006ff000000, 0x00000006ff000000)
    CS Y    TS   333 PTAMS 0x00000006ff000000 NTAMS 0x00000006ff000000 space 16384K, 100% used [0x00000006ff000000, 0x0000000700000000, 0x0000000700000000)
    CS Y    TS   333 PTAMS 0x0000000700000000 NTAMS 0x0000000700000000 space 16384K, 100% used [0x0000000700000000, 0x0000000701000000, 0x0000000701000000)
    CS Y    TS   333 PTAMS 0x0000000701000000 NTAMS 0x0000000701000000 space 16384K, 100% used [0x0000000701000000, 0x0000000702000000, 0x0000000702000000)
    CS Y    TS   333 PTAMS 0x0000000702000000 NTAMS 0x0000000702000000 space 16384K, 100% used [0x0000000702000000, 0x0000000703000000, 0x0000000703000000)
    CS Y    TS   333 PTAMS 0x0000000703000000 NTAMS 0x0000000703000000 space 16384K, 100% used [0x0000000703000000, 0x0000000704000000, 0x0000000704000000)
    CS Y    TS   333 PTAMS 0x0000000704000000 NTAMS 0x0000000704000000 space 16384K, 100% used [0x0000000704000000, 0x0000000705000000, 0x0000000705000000)
    CS Y    TS   333 PTAMS 0x0000000705000000 NTAMS 0x0000000705000000 space 16384K, 100% used [0x0000000705000000, 0x0000000706000000, 0x0000000706000000)
    CS Y    TS   333 PTAMS 0x0000000706000000 NTAMS 0x0000000706000000 space 16384K, 100% used [0x0000000706000000, 0x0000000707000000, 0x0000000707000000)
    CS Y    TS   333 PTAMS 0x0000000707000000 NTAMS 0x0000000707000000 space 16384K, 100% used [0x0000000707000000, 0x0000000708000000, 0x0000000708000000)
    CS Y    TS   333 PTAMS 0x0000000708000000 NTAMS 0x0000000708000000 space 16384K, 100% used [0x0000000708000000, 0x0000000709000000, 0x0000000709000000)
    CS Y    TS   333 PTAMS 0x0000000709000000 NTAMS 0x0000000709000000 space 16384K, 100% used [0x0000000709000000, 0x000000070a000000, 0x000000070a000000)
    CS Y    TS   333 PTAMS 0x000000070a000000 NTAMS 0x000000070a000000 space 16384K, 100% used [0x000000070a000000, 0x000000070b000000, 0x000000070b000000)
    CS Y    TS   333 PTAMS 0x000000070b000000 NTAMS 0x000000070b000000 space 16384K, 100% used [0x000000070b000000, 0x000000070c000000, 0x000000070c000000)
    CS Y    TS   333 PTAMS 0x000000070c000000 NTAMS 0x000000070c000000 space 16384K, 100% used [0x000000070c000000, 0x000000070d000000, 0x000000070d000000)
    CS Y    TS   333 PTAMS 0x000000070d000000 NTAMS 0x000000070d000000 space 16384K, 100% used [0x000000070d000000, 0x000000070e000000, 0x000000070e000000)
    CS Y    TS   333 PTAMS 0x000000070e000000 NTAMS 0x000000070e000000 space 16384K, 100% used [0x000000070e000000, 0x000000070f000000, 0x000000070f000000)
    CS Y    TS   333 PTAMS 0x000000070f000000 NTAMS 0x000000070f000000 space 16384K, 100% used [0x000000070f000000, 0x0000000710000000, 0x0000000710000000)
    CS Y    TS   333 PTAMS 0x0000000710000000 NTAMS 0x0000000710000000 space 16384K, 100% used [0x0000000710000000, 0x0000000711000000, 0x0000000711000000)
    CS Y    TS   333 PTAMS 0x0000000711000000 NTAMS 0x0000000711000000 space 16384K, 100% used [0x0000000711000000, 0x0000000712000000, 0x0000000712000000)
GC Heap History (10 events):
Event: 975.232 GC heap before
{Heap before GC invocations=234 (full 4):
 garbage-first heap   total 1343488K, used 998726K [0x00000006c0000000, 0x0000000712000000, 0x00000007c0000000)
  region size 16384K, 38 young (622592K), 1 survivors (16384K)
 Metaspace       used 51374K, capacity 52001K, committed 52312K, reserved 1095680K
  class space    used 6297K, capacity 6477K, committed 6528K, reserved 1048576K
Event: 975.235 GC heap after
Heap after GC invocations=235 (full 4):
 garbage-first heap   total 1343488K, used 393065K [0x00000006c0000000, 0x0000000712000000, 0x00000007c0000000)
  region size 16384K, 1 young (16384K), 1 survivors (16384K)
 Metaspace       used 51374K, capacity 52001K, committed 52312K, reserved 1095680K
  class space    used 6297K, capacity 6477K, committed 6528K, reserved 1048576K
}
Event: 980.517 GC heap before
{Heap before GC invocations=235 (full 4):
 garbage-first heap   total 1343488K, used 999273K [0x00000006c0000000, 0x0000000712000000, 0x00000007c0000000)
  region size 16384K, 38 young (622592K), 1 survivors (16384K)
 Metaspace       used 51374K, capacity 52001K, committed 52312K, reserved 1095680K
  class space    used 6297K, capacity 6477K, committed 6528K, reserved 1048576K
Event: 980.521 GC heap after
Heap after GC invocations=236 (full 4):
 garbage-first heap   total 1343488K, used 392431K [0x00000006c0000000, 0x0000000712000000, 0x00000007c0000000)
  region size 16384K, 1 young (16384K), 1 survivors (16384K)
 Metaspace       used 51374K, capacity 52001K, committed 52312K, reserved 1095680K
  class space    used 6297K, capacity 6477K, committed 6528K, reserved 1048576K
}
Event: 985.783 GC heap before
{Heap before GC invocations=236 (full 4):
 garbage-first heap   total 1343488K, used 998639K [0x00000006c0000000, 0x0000000712000000, 0x00000007c0000000)
  region size 16384K, 38 young (622592K), 1 survivors (16384K)
 Metaspace       used 51374K, capacity 52001K, committed 52312K, reserved 1095680K
  class space    used 6297K, capacity 6477K, committed 6528K, reserved 1048576K
Event: 985.786 GC heap after
Heap after GC invocations=237 (full 4):
 garbage-first heap   total 1343488K, used 393357K [0x00000006c0000000, 0x0000000712000000, 0x00000007c0000000)
  region size 16384K, 1 young (16384K), 1 survivors (16384K)
 Metaspace       used 51374K, capacity 52001K, committed 52312K, reserved 1095680K
  class space    used 6297K, capacity 6477K, committed 6528K, reserved 1048576K
}
Event: 991.068 GC heap before
{Heap before GC invocations=237 (full 4):
 garbage-first heap   total 1343488K, used 999565K [0x00000006c0000000, 0x0000000712000000, 0x00000007c0000000)
  region size 16384K, 38 young (622592K), 1 survivors (16384K)
 Metaspace       used 51374K, capacity 52001K, committed 52312K, reserved 1095680K
  class space    used 6297K, capacity 6477K, committed 6528K, reserved 1048576K
Event: 991.071 GC heap after
Heap after GC invocations=238 (full 4):
 garbage-first heap   total 1343488K, used 392883K [0x00000006c0000000, 0x0000000712000000, 0x00000007c0000000)
  region size 16384K, 1 young (16384K), 1 survivors (16384K)
 Metaspace       used 51374K, capacity 52001K, committed 52312K, reserved 1095680K
  class space    used 6297K, capacity 6477K, committed 6528K, reserved 1048576K
}
Event: 996.359 GC heap before
{Heap before GC invocations=238 (full 4):
 garbage-first heap   total 1343488K, used 999091K [0x00000006c0000000, 0x0000000712000000, 0x00000007c0000000)
  region size 16384K, 38 young (622592K), 1 survivors (16384K)
 Metaspace       used 51374K, capacity 52001K, committed 52312K, reserved 1095680K
  class space    used 6297K, capacity 6477K, committed 6528K, reserved 1048576K
Event: 996.363 GC heap after
Heap after GC invocations=239 (full 4):
 garbage-first heap   total 1343488K, used 393170K [0x00000006c0000000, 0x0000000712000000, 0x00000007c0000000)
  region size 16384K, 1 young (16384K), 1 survivors (16384K)
 Metaspace       used 51374K, capacity 52001K, committed 52312K, reserved 1095680K
  class space    used 6297K, capacity 6477K, committed 6528K, reserved 1048576K
}

